[2024-10-22 14:34:40,518][__main__][INFO] - INFO LEVEL MESSAGE: 

[2024-10-22 14:34:40,520][__main__][INFO] - CONFIG: 
system:
  type: auto
  m: 1
  c: 1
  k: 2
  duration: 20
  fs: 20
  fe: 2.0
  amp: 10.0
network:
  input_dim: 1
  output_dim: 1
  num_hidden_layers: 1
  hidden_dim: 128
training:
  type: pinn
  epochs: 3000
  batch_size: 32
  learning_rate: 0.01
  scheduler_step_size: 1000
  scheduler_gamma: 0.75
  physics_reg: 1.0
  initial_reg: 1000.0
  data_reg: 5.0

[2024-10-22 14:34:43,104][__main__][INFO] - Epoch = 0/3000, Loss_total = 4.5934514999,  Loss_t0 = 0.0029347141, Loss_physics = 1.6587376595
[2024-10-22 14:34:44,304][__main__][INFO] - Epoch = 10/3000, Loss_total = 0.0010208692,  Loss_t0 = 0.0000000116, Loss_physics = 0.0010092566
[2024-10-22 14:34:45,535][__main__][INFO] - Epoch = 20/3000, Loss_total = 0.0016211265,  Loss_t0 = 0.0000000001, Loss_physics = 0.0016210231
[2024-10-22 14:34:46,674][__main__][INFO] - Epoch = 30/3000, Loss_total = 0.0000870097,  Loss_t0 = 0.0000000004, Loss_physics = 0.0000866541
[2024-10-22 14:34:47,950][__main__][INFO] - Epoch = 40/3000, Loss_total = 0.0008495338,  Loss_t0 = 0.0000000000, Loss_physics = 0.0008494918
[2024-10-22 14:34:49,140][__main__][INFO] - Epoch = 50/3000, Loss_total = 0.0005653478,  Loss_t0 = 0.0000000005, Loss_physics = 0.0005648625
[2024-10-22 14:34:50,315][__main__][INFO] - Epoch = 60/3000, Loss_total = 0.0008796011,  Loss_t0 = 0.0000000017, Loss_physics = 0.0008778999
[2024-10-22 14:34:51,511][__main__][INFO] - Epoch = 70/3000, Loss_total = 0.0000432932,  Loss_t0 = 0.0000000002, Loss_physics = 0.0000430444
[2024-10-22 14:34:52,706][__main__][INFO] - Epoch = 80/3000, Loss_total = 0.0008717085,  Loss_t0 = 0.0000000001, Loss_physics = 0.0008715658
[2024-10-22 14:34:53,898][__main__][INFO] - Epoch = 90/3000, Loss_total = 0.0000343316,  Loss_t0 = 0.0000000017, Loss_physics = 0.0000326798
[2024-10-22 14:34:55,091][__main__][INFO] - Epoch = 100/3000, Loss_total = 0.0000152930,  Loss_t0 = 0.0000000009, Loss_physics = 0.0000144404
[2024-10-22 14:34:56,258][__main__][INFO] - Epoch = 110/3000, Loss_total = 0.0011216349,  Loss_t0 = 0.0000000060, Loss_physics = 0.0011156716
[2024-10-22 14:34:57,446][__main__][INFO] - Epoch = 120/3000, Loss_total = 0.0039592269,  Loss_t0 = 0.0000002023, Loss_physics = 0.0037568840
[2024-10-22 14:34:58,638][__main__][INFO] - Epoch = 130/3000, Loss_total = 0.0000682401,  Loss_t0 = 0.0000000009, Loss_physics = 0.0000673900
[2024-10-22 14:34:59,823][__main__][INFO] - Epoch = 140/3000, Loss_total = 0.0003615204,  Loss_t0 = 0.0000000000, Loss_physics = 0.0003615127
[2024-10-22 14:35:01,029][__main__][INFO] - Epoch = 150/3000, Loss_total = 0.0000414987,  Loss_t0 = 0.0000000013, Loss_physics = 0.0000402121
[2024-10-22 14:35:02,228][__main__][INFO] - Epoch = 160/3000, Loss_total = 0.0000276286,  Loss_t0 = 0.0000000055, Loss_physics = 0.0000221211
[2024-10-22 14:35:03,409][__main__][INFO] - Epoch = 170/3000, Loss_total = 0.0279469360,  Loss_t0 = 0.0000036708, Loss_physics = 0.0242760982
[2024-10-22 14:35:04,598][__main__][INFO] - Epoch = 180/3000, Loss_total = 0.0000495113,  Loss_t0 = 0.0000000001, Loss_physics = 0.0000494437
[2024-10-22 14:35:05,773][__main__][INFO] - Epoch = 190/3000, Loss_total = 0.0000608454,  Loss_t0 = 0.0000000135, Loss_physics = 0.0000473041
[2024-10-22 14:35:06,972][__main__][INFO] - Epoch = 200/3000, Loss_total = 0.0000407330,  Loss_t0 = 0.0000000003, Loss_physics = 0.0000404554
[2024-10-22 14:35:08,163][__main__][INFO] - Epoch = 210/3000, Loss_total = 0.0001257493,  Loss_t0 = 0.0000000299, Loss_physics = 0.0000958576
[2024-10-22 14:35:09,347][__main__][INFO] - Epoch = 220/3000, Loss_total = 0.0002613295,  Loss_t0 = 0.0000000099, Loss_physics = 0.0002513978
[2024-10-22 14:35:10,548][__main__][INFO] - Epoch = 230/3000, Loss_total = 0.0000256988,  Loss_t0 = 0.0000000006, Loss_physics = 0.0000250782
[2024-10-22 14:35:11,763][__main__][INFO] - Epoch = 240/3000, Loss_total = 0.0012289393,  Loss_t0 = 0.0000000803, Loss_physics = 0.0011486000
[2024-10-22 14:35:12,924][__main__][INFO] - Epoch = 250/3000, Loss_total = 0.0000434034,  Loss_t0 = 0.0000000004, Loss_physics = 0.0000430372
[2024-10-22 14:35:14,225][__main__][INFO] - Epoch = 260/3000, Loss_total = 0.0000102556,  Loss_t0 = 0.0000000000, Loss_physics = 0.0000102505
[2024-10-22 14:35:15,642][__main__][INFO] - Epoch = 270/3000, Loss_total = 0.0000221699,  Loss_t0 = 0.0000000002, Loss_physics = 0.0000220147
[2024-10-22 14:35:16,991][__main__][INFO] - Epoch = 280/3000, Loss_total = 0.0000218620,  Loss_t0 = 0.0000000052, Loss_physics = 0.0000166528
[2024-10-22 14:35:18,208][__main__][INFO] - Epoch = 290/3000, Loss_total = 0.0008985107,  Loss_t0 = 0.0000007672, Loss_physics = 0.0001313194
[2024-10-22 14:35:19,364][__main__][INFO] - Epoch = 300/3000, Loss_total = 0.0002601452,  Loss_t0 = 0.0000001658, Loss_physics = 0.0000943326
[2024-10-22 14:35:20,532][__main__][INFO] - Epoch = 310/3000, Loss_total = 0.0112892734,  Loss_t0 = 0.0000111624, Loss_physics = 0.0001268350
[2024-10-22 14:35:21,725][__main__][INFO] - Epoch = 320/3000, Loss_total = 0.0001736667,  Loss_t0 = 0.0000000000, Loss_physics = 0.0001736369
[2024-10-22 14:35:22,925][__main__][INFO] - Epoch = 330/3000, Loss_total = 0.0000197643,  Loss_t0 = 0.0000000085, Loss_physics = 0.0000112425
[2024-10-22 14:35:24,084][__main__][INFO] - Epoch = 340/3000, Loss_total = 0.0000493104,  Loss_t0 = 0.0000000099, Loss_physics = 0.0000394052
[2024-10-22 14:35:25,321][__main__][INFO] - Epoch = 350/3000, Loss_total = 0.0000910696,  Loss_t0 = 0.0000000155, Loss_physics = 0.0000755499
[2024-10-22 14:35:26,539][__main__][INFO] - Epoch = 360/3000, Loss_total = 0.0154476566,  Loss_t0 = 0.0000151013, Loss_physics = 0.0003463885
[2024-10-22 14:35:27,712][__main__][INFO] - Epoch = 370/3000, Loss_total = 0.0000166237,  Loss_t0 = 0.0000000043, Loss_physics = 0.0000122869
[2024-10-22 14:35:28,877][__main__][INFO] - Epoch = 380/3000, Loss_total = 0.0001479201,  Loss_t0 = 0.0000000064, Loss_physics = 0.0001415513
[2024-10-22 14:35:30,064][__main__][INFO] - Epoch = 390/3000, Loss_total = 0.0004016128,  Loss_t0 = 0.0000001400, Loss_physics = 0.0002616043
[2024-10-22 14:35:31,249][__main__][INFO] - Epoch = 400/3000, Loss_total = 0.0032599100,  Loss_t0 = 0.0000029860, Loss_physics = 0.0002739526
[2024-10-22 14:35:32,455][__main__][INFO] - Epoch = 410/3000, Loss_total = 0.0000534861,  Loss_t0 = 0.0000000291, Loss_physics = 0.0000244147
[2024-10-22 14:35:33,653][__main__][INFO] - Epoch = 420/3000, Loss_total = 0.0003466543,  Loss_t0 = 0.0000000038, Loss_physics = 0.0003428184
[2024-10-22 14:35:34,822][__main__][INFO] - Epoch = 430/3000, Loss_total = 0.0007110921,  Loss_t0 = 0.0000006982, Loss_physics = 0.0000129195
[2024-10-22 14:35:35,978][__main__][INFO] - Epoch = 440/3000, Loss_total = 0.0000492117,  Loss_t0 = 0.0000000100, Loss_physics = 0.0000391862
[2024-10-22 14:35:37,174][__main__][INFO] - Epoch = 450/3000, Loss_total = 0.0000767894,  Loss_t0 = 0.0000000003, Loss_physics = 0.0000764415
[2024-10-22 14:35:38,361][__main__][INFO] - Epoch = 460/3000, Loss_total = 0.0007043920,  Loss_t0 = 0.0000000193, Loss_physics = 0.0006851188
[2024-10-22 14:35:39,731][__main__][INFO] - Epoch = 470/3000, Loss_total = 0.0001600095,  Loss_t0 = 0.0000000003, Loss_physics = 0.0001596621
[2024-10-22 14:35:40,994][__main__][INFO] - Epoch = 480/3000, Loss_total = 0.0012721969,  Loss_t0 = 0.0000007604, Loss_physics = 0.0005117730
[2024-10-22 14:35:42,223][__main__][INFO] - Epoch = 490/3000, Loss_total = 0.0046591996,  Loss_t0 = 0.0000044194, Loss_physics = 0.0002397562
[2024-10-22 14:35:43,452][__main__][INFO] - Epoch = 500/3000, Loss_total = 0.0018953668,  Loss_t0 = 0.0000015771, Loss_physics = 0.0003182510
[2024-10-22 14:35:44,642][__main__][INFO] - Epoch = 510/3000, Loss_total = 0.0002016257,  Loss_t0 = 0.0000001499, Loss_physics = 0.0000517656
[2024-10-22 14:35:45,833][__main__][INFO] - Epoch = 520/3000, Loss_total = 0.0017412791,  Loss_t0 = 0.0000009602, Loss_physics = 0.0007810565
[2024-10-22 14:35:47,030][__main__][INFO] - Epoch = 530/3000, Loss_total = 0.0000575778,  Loss_t0 = 0.0000000001, Loss_physics = 0.0000574582
[2024-10-22 14:35:48,251][__main__][INFO] - Epoch = 540/3000, Loss_total = 0.0002100059,  Loss_t0 = 0.0000000187, Loss_physics = 0.0001912994
[2024-10-22 14:35:49,467][__main__][INFO] - Epoch = 550/3000, Loss_total = 0.0005057828,  Loss_t0 = 0.0000002462, Loss_physics = 0.0002595517
[2024-10-22 14:35:50,695][__main__][INFO] - Epoch = 560/3000, Loss_total = 0.0018026859,  Loss_t0 = 0.0000016178, Loss_physics = 0.0001848840
[2024-10-22 14:35:51,933][__main__][INFO] - Epoch = 570/3000, Loss_total = 0.0004884436,  Loss_t0 = 0.0000004732, Loss_physics = 0.0000152557
[2024-10-22 14:35:53,197][__main__][INFO] - Epoch = 580/3000, Loss_total = 0.0015262435,  Loss_t0 = 0.0000014836, Loss_physics = 0.0000426315
[2024-10-22 14:35:54,467][__main__][INFO] - Epoch = 590/3000, Loss_total = 0.0050685192,  Loss_t0 = 0.0000050236, Loss_physics = 0.0000448747
[2024-10-22 14:35:55,713][__main__][INFO] - Epoch = 600/3000, Loss_total = 0.0000975504,  Loss_t0 = 0.0000000104, Loss_physics = 0.0000871838
[2024-10-22 14:35:56,959][__main__][INFO] - Epoch = 610/3000, Loss_total = 0.0001038763,  Loss_t0 = 0.0000000635, Loss_physics = 0.0000404220
[2024-10-22 14:35:58,202][__main__][INFO] - Epoch = 620/3000, Loss_total = 0.0006427935,  Loss_t0 = 0.0000005765, Loss_physics = 0.0000663169
[2024-10-22 14:35:59,474][__main__][INFO] - Epoch = 630/3000, Loss_total = 0.0084863445,  Loss_t0 = 0.0000080280, Loss_physics = 0.0004583065
[2024-10-22 14:36:00,698][__main__][INFO] - Epoch = 640/3000, Loss_total = 0.0003344720,  Loss_t0 = 0.0000003137, Loss_physics = 0.0000208147
[2024-10-22 14:36:01,909][__main__][INFO] - Epoch = 650/3000, Loss_total = 0.0003201278,  Loss_t0 = 0.0000002593, Loss_physics = 0.0000608464
[2024-10-22 14:36:03,135][__main__][INFO] - Epoch = 660/3000, Loss_total = 0.0001471979,  Loss_t0 = 0.0000000019, Loss_physics = 0.0001452635
[2024-10-22 14:36:04,363][__main__][INFO] - Epoch = 670/3000, Loss_total = 0.0148467105,  Loss_t0 = 0.0000147962, Loss_physics = 0.0000505296
[2024-10-22 14:36:05,565][__main__][INFO] - Epoch = 680/3000, Loss_total = 0.0002764267,  Loss_t0 = 0.0000001822, Loss_physics = 0.0000942347
[2024-10-22 14:36:06,809][__main__][INFO] - Epoch = 690/3000, Loss_total = 0.0000184847,  Loss_t0 = 0.0000000052, Loss_physics = 0.0000133302
[2024-10-22 14:36:08,013][__main__][INFO] - Epoch = 700/3000, Loss_total = 0.0031014979,  Loss_t0 = 0.0000030334, Loss_physics = 0.0000680753
[2024-10-22 14:36:09,165][__main__][INFO] - Epoch = 710/3000, Loss_total = 0.0000656332,  Loss_t0 = 0.0000000525, Loss_physics = 0.0000131205
[2024-10-22 14:36:10,315][__main__][INFO] - Epoch = 720/3000, Loss_total = 0.0002238593,  Loss_t0 = 0.0000002159, Loss_physics = 0.0000079647
[2024-10-22 14:36:11,472][__main__][INFO] - Epoch = 730/3000, Loss_total = 0.6479207277,  Loss_t0 = 0.0004570725, Loss_physics = 0.1908481419
[2024-10-22 14:36:12,631][__main__][INFO] - Epoch = 740/3000, Loss_total = 0.0179047100,  Loss_t0 = 0.0000000006, Loss_physics = 0.0179041214
[2024-10-22 14:36:13,924][__main__][INFO] - Epoch = 750/3000, Loss_total = 0.0194218792,  Loss_t0 = 0.0000000071, Loss_physics = 0.0194148105
[2024-10-22 14:36:15,339][__main__][INFO] - Epoch = 760/3000, Loss_total = 0.0040290789,  Loss_t0 = 0.0000000009, Loss_physics = 0.0040281685
[2024-10-22 14:36:16,674][__main__][INFO] - Epoch = 770/3000, Loss_total = 0.0017703130,  Loss_t0 = 0.0000000007, Loss_physics = 0.0017696344
[2024-10-22 14:36:17,914][__main__][INFO] - Epoch = 780/3000, Loss_total = 0.0043758103,  Loss_t0 = 0.0000000033, Loss_physics = 0.0043725031
[2024-10-22 14:36:19,082][__main__][INFO] - Epoch = 790/3000, Loss_total = 0.0042425822,  Loss_t0 = 0.0000000003, Loss_physics = 0.0042422768
[2024-10-22 14:36:20,268][__main__][INFO] - Epoch = 800/3000, Loss_total = 0.0025483647,  Loss_t0 = 0.0000000008, Loss_physics = 0.0025475249
[2024-10-22 14:36:21,449][__main__][INFO] - Epoch = 810/3000, Loss_total = 0.0009292530,  Loss_t0 = 0.0000000000, Loss_physics = 0.0009292185
[2024-10-22 14:36:22,611][__main__][INFO] - Epoch = 820/3000, Loss_total = 0.0023912245,  Loss_t0 = 0.0000000017, Loss_physics = 0.0023895155
[2024-10-22 14:36:23,763][__main__][INFO] - Epoch = 830/3000, Loss_total = 0.0004071804,  Loss_t0 = 0.0000000013, Loss_physics = 0.0004058669
[2024-10-22 14:36:24,925][__main__][INFO] - Epoch = 840/3000, Loss_total = 0.0015964581,  Loss_t0 = 0.0000000011, Loss_physics = 0.0015953791
[2024-10-22 14:36:26,082][__main__][INFO] - Epoch = 850/3000, Loss_total = 0.0020977105,  Loss_t0 = 0.0000000020, Loss_physics = 0.0020957079
[2024-10-22 14:36:27,255][__main__][INFO] - Epoch = 860/3000, Loss_total = 0.0013489412,  Loss_t0 = 0.0000000176, Loss_physics = 0.0013313768
[2024-10-22 14:36:28,415][__main__][INFO] - Epoch = 870/3000, Loss_total = 0.0009391836,  Loss_t0 = 0.0000000084, Loss_physics = 0.0009307553
[2024-10-22 14:36:29,574][__main__][INFO] - Epoch = 880/3000, Loss_total = 0.0094735520,  Loss_t0 = 0.0000090193, Loss_physics = 0.0004542968
[2024-10-22 14:36:30,736][__main__][INFO] - Epoch = 890/3000, Loss_total = 0.0016558439,  Loss_t0 = 0.0000000023, Loss_physics = 0.0016535136
[2024-10-22 14:36:31,917][__main__][INFO] - Epoch = 900/3000, Loss_total = 0.0004688123,  Loss_t0 = 0.0000000024, Loss_physics = 0.0004663837
[2024-10-22 14:36:33,073][__main__][INFO] - Epoch = 910/3000, Loss_total = 0.0004410055,  Loss_t0 = 0.0000000124, Loss_physics = 0.0004286051
[2024-10-22 14:36:34,230][__main__][INFO] - Epoch = 920/3000, Loss_total = 0.0015719195,  Loss_t0 = 0.0000013178, Loss_physics = 0.0002541077
[2024-10-22 14:36:35,382][__main__][INFO] - Epoch = 930/3000, Loss_total = 0.0001086387,  Loss_t0 = 0.0000000000, Loss_physics = 0.0001086304
[2024-10-22 14:36:36,540][__main__][INFO] - Epoch = 940/3000, Loss_total = 0.0001297788,  Loss_t0 = 0.0000000079, Loss_physics = 0.0001218676
[2024-10-22 14:36:37,705][__main__][INFO] - Epoch = 950/3000, Loss_total = 0.0001012596,  Loss_t0 = 0.0000000002, Loss_physics = 0.0001010706
[2024-10-22 14:36:38,865][__main__][INFO] - Epoch = 960/3000, Loss_total = 0.0005322357,  Loss_t0 = 0.0000000003, Loss_physics = 0.0005319789
[2024-10-22 14:36:40,038][__main__][INFO] - Epoch = 970/3000, Loss_total = 0.0003426310,  Loss_t0 = 0.0000000142, Loss_physics = 0.0003284739
[2024-10-22 14:36:41,199][__main__][INFO] - Epoch = 980/3000, Loss_total = 0.0000282111,  Loss_t0 = 0.0000000002, Loss_physics = 0.0000279821
[2024-10-22 14:36:42,344][__main__][INFO] - Epoch = 990/3000, Loss_total = 0.0000664650,  Loss_t0 = 0.0000000080, Loss_physics = 0.0000585096
[2024-10-22 14:36:43,514][__main__][INFO] - Epoch = 1000/3000, Loss_total = 0.0000992806,  Loss_t0 = 0.0000000005, Loss_physics = 0.0000987922
[2024-10-22 14:36:44,679][__main__][INFO] - Epoch = 1010/3000, Loss_total = 0.0001381752,  Loss_t0 = 0.0000000002, Loss_physics = 0.0001379725
[2024-10-22 14:36:45,842][__main__][INFO] - Epoch = 1020/3000, Loss_total = 0.0002633278,  Loss_t0 = 0.0000000021, Loss_physics = 0.0002612526
[2024-10-22 14:36:47,025][__main__][INFO] - Epoch = 1030/3000, Loss_total = 0.0000531700,  Loss_t0 = 0.0000000102, Loss_physics = 0.0000429340
[2024-10-22 14:36:48,197][__main__][INFO] - Epoch = 1040/3000, Loss_total = 0.0000814311,  Loss_t0 = 0.0000000017, Loss_physics = 0.0000797390
[2024-10-22 14:36:49,341][__main__][INFO] - Epoch = 1050/3000, Loss_total = 0.0000478260,  Loss_t0 = 0.0000000074, Loss_physics = 0.0000404604
[2024-10-22 14:36:50,517][__main__][INFO] - Epoch = 1060/3000, Loss_total = 0.0044196574,  Loss_t0 = 0.0000041814, Loss_physics = 0.0002382287
[2024-10-22 14:36:51,675][__main__][INFO] - Epoch = 1070/3000, Loss_total = 0.0000277516,  Loss_t0 = 0.0000000072, Loss_physics = 0.0000205062
[2024-10-22 14:36:52,831][__main__][INFO] - Epoch = 1080/3000, Loss_total = 0.0003588951,  Loss_t0 = 0.0000000070, Loss_physics = 0.0003518727
[2024-10-22 14:36:53,989][__main__][INFO] - Epoch = 1090/3000, Loss_total = 0.0002731836,  Loss_t0 = 0.0000001602, Loss_physics = 0.0001129887
[2024-10-22 14:36:55,158][__main__][INFO] - Epoch = 1100/3000, Loss_total = 0.0005461170,  Loss_t0 = 0.0000000402, Loss_physics = 0.0005058677
[2024-10-22 14:36:56,347][__main__][INFO] - Epoch = 1110/3000, Loss_total = 0.0000315491,  Loss_t0 = 0.0000000016, Loss_physics = 0.0000299567
[2024-10-22 14:36:57,524][__main__][INFO] - Epoch = 1120/3000, Loss_total = 0.0000622973,  Loss_t0 = 0.0000000125, Loss_physics = 0.0000498314
[2024-10-22 14:36:58,709][__main__][INFO] - Epoch = 1130/3000, Loss_total = 0.0080254935,  Loss_t0 = 0.0000075627, Loss_physics = 0.0004628032
[2024-10-22 14:36:59,912][__main__][INFO] - Epoch = 1140/3000, Loss_total = 0.0000218869,  Loss_t0 = 0.0000000017, Loss_physics = 0.0000201967
[2024-10-22 14:37:01,068][__main__][INFO] - Epoch = 1150/3000, Loss_total = 0.0010673846,  Loss_t0 = 0.0000009236, Loss_physics = 0.0001437350
[2024-10-22 14:37:02,248][__main__][INFO] - Epoch = 1160/3000, Loss_total = 0.0000143353,  Loss_t0 = 0.0000000005, Loss_physics = 0.0000138399
[2024-10-22 14:37:03,415][__main__][INFO] - Epoch = 1170/3000, Loss_total = 0.0002489250,  Loss_t0 = 0.0000001064, Loss_physics = 0.0001425102
[2024-10-22 14:37:04,583][__main__][INFO] - Epoch = 1180/3000, Loss_total = 0.0302663893,  Loss_t0 = 0.0000298332, Loss_physics = 0.0004331583
[2024-10-22 14:37:05,750][__main__][INFO] - Epoch = 1190/3000, Loss_total = 0.0001548931,  Loss_t0 = 0.0000000546, Loss_physics = 0.0001003309
[2024-10-22 14:37:06,923][__main__][INFO] - Epoch = 1200/3000, Loss_total = 0.0000123360,  Loss_t0 = 0.0000000099, Loss_physics = 0.0000024032
[2024-10-22 14:37:08,105][__main__][INFO] - Epoch = 1210/3000, Loss_total = 0.0014355402,  Loss_t0 = 0.0000012439, Loss_physics = 0.0001916148
[2024-10-22 14:37:09,275][__main__][INFO] - Epoch = 1220/3000, Loss_total = 0.0002546584,  Loss_t0 = 0.0000000130, Loss_physics = 0.0002416566
[2024-10-22 14:37:10,455][__main__][INFO] - Epoch = 1230/3000, Loss_total = 0.0005513752,  Loss_t0 = 0.0000000206, Loss_physics = 0.0005307636
[2024-10-22 14:37:11,616][__main__][INFO] - Epoch = 1240/3000, Loss_total = 0.0000245277,  Loss_t0 = 0.0000000007, Loss_physics = 0.0000238752
[2024-10-22 14:37:12,772][__main__][INFO] - Epoch = 1250/3000, Loss_total = 0.0001582299,  Loss_t0 = 0.0000000091, Loss_physics = 0.0001490810
[2024-10-22 14:37:14,063][__main__][INFO] - Epoch = 1260/3000, Loss_total = 0.0003991687,  Loss_t0 = 0.0000003724, Loss_physics = 0.0000267333
[2024-10-22 14:37:15,417][__main__][INFO] - Epoch = 1270/3000, Loss_total = 0.0014701922,  Loss_t0 = 0.0000011568, Loss_physics = 0.0003134102
[2024-10-22 14:37:16,713][__main__][INFO] - Epoch = 1280/3000, Loss_total = 0.0005022652,  Loss_t0 = 0.0000000226, Loss_physics = 0.0004796560
[2024-10-22 14:37:17,908][__main__][INFO] - Epoch = 1290/3000, Loss_total = 0.0000310209,  Loss_t0 = 0.0000000048, Loss_physics = 0.0000262296
[2024-10-22 14:37:19,107][__main__][INFO] - Epoch = 1300/3000, Loss_total = 0.0001169989,  Loss_t0 = 0.0000000087, Loss_physics = 0.0001083204
[2024-10-22 14:37:20,275][__main__][INFO] - Epoch = 1310/3000, Loss_total = 0.0012120809,  Loss_t0 = 0.0000011096, Loss_physics = 0.0001025133
[2024-10-22 14:37:21,422][__main__][INFO] - Epoch = 1320/3000, Loss_total = 0.0001430987,  Loss_t0 = 0.0000000036, Loss_physics = 0.0001394577
[2024-10-22 14:37:22,565][__main__][INFO] - Epoch = 1330/3000, Loss_total = 0.0003072278,  Loss_t0 = 0.0000000023, Loss_physics = 0.0003049721
[2024-10-22 14:37:23,707][__main__][INFO] - Epoch = 1340/3000, Loss_total = 0.0212447289,  Loss_t0 = 0.0000206496, Loss_physics = 0.0005951115
[2024-10-22 14:37:24,852][__main__][INFO] - Epoch = 1350/3000, Loss_total = 0.0002372623,  Loss_t0 = 0.0000001829, Loss_physics = 0.0000543133
[2024-10-22 14:37:25,992][__main__][INFO] - Epoch = 1360/3000, Loss_total = 0.0000640527,  Loss_t0 = 0.0000000071, Loss_physics = 0.0000569810
[2024-10-22 14:37:27,164][__main__][INFO] - Epoch = 1370/3000, Loss_total = 0.0004356726,  Loss_t0 = 0.0000000117, Loss_physics = 0.0004240205
[2024-10-22 14:37:28,305][__main__][INFO] - Epoch = 1380/3000, Loss_total = 0.0002396127,  Loss_t0 = 0.0000000003, Loss_physics = 0.0002392922
[2024-10-22 14:37:29,433][__main__][INFO] - Epoch = 1390/3000, Loss_total = 0.0002945038,  Loss_t0 = 0.0000002211, Loss_physics = 0.0000734387
[2024-10-22 14:37:30,565][__main__][INFO] - Epoch = 1400/3000, Loss_total = 0.0010118379,  Loss_t0 = 0.0000008265, Loss_physics = 0.0001853727
[2024-10-22 14:37:31,708][__main__][INFO] - Epoch = 1410/3000, Loss_total = 0.0008863642,  Loss_t0 = 0.0000008409, Loss_physics = 0.0000454305
[2024-10-22 14:37:32,846][__main__][INFO] - Epoch = 1420/3000, Loss_total = 0.0000329846,  Loss_t0 = 0.0000000139, Loss_physics = 0.0000190915
[2024-10-22 14:37:33,991][__main__][INFO] - Epoch = 1430/3000, Loss_total = 0.0000585990,  Loss_t0 = 0.0000000007, Loss_physics = 0.0000578940
[2024-10-22 14:37:35,146][__main__][INFO] - Epoch = 1440/3000, Loss_total = 0.0001110582,  Loss_t0 = 0.0000000570, Loss_physics = 0.0000540937
[2024-10-22 14:37:36,305][__main__][INFO] - Epoch = 1450/3000, Loss_total = 0.0002234620,  Loss_t0 = 0.0000000124, Loss_physics = 0.0002110361
[2024-10-22 14:37:37,444][__main__][INFO] - Epoch = 1460/3000, Loss_total = 0.0001694386,  Loss_t0 = 0.0000000400, Loss_physics = 0.0001294732
[2024-10-22 14:37:38,600][__main__][INFO] - Epoch = 1470/3000, Loss_total = 0.0004700479,  Loss_t0 = 0.0000000009, Loss_physics = 0.0004691596
[2024-10-22 14:37:39,766][__main__][INFO] - Epoch = 1480/3000, Loss_total = 0.0001105691,  Loss_t0 = 0.0000000284, Loss_physics = 0.0000821882
[2024-10-22 14:37:40,914][__main__][INFO] - Epoch = 1490/3000, Loss_total = 0.0000405113,  Loss_t0 = 0.0000000001, Loss_physics = 0.0000404294
[2024-10-22 14:37:42,071][__main__][INFO] - Epoch = 1500/3000, Loss_total = 0.0000778185,  Loss_t0 = 0.0000000132, Loss_physics = 0.0000646017
[2024-10-22 14:37:43,223][__main__][INFO] - Epoch = 1510/3000, Loss_total = 0.0000253068,  Loss_t0 = 0.0000000034, Loss_physics = 0.0000218929
[2024-10-22 14:37:44,397][__main__][INFO] - Epoch = 1520/3000, Loss_total = 0.0005883526,  Loss_t0 = 0.0000000085, Loss_physics = 0.0005798349
[2024-10-22 14:37:45,534][__main__][INFO] - Epoch = 1530/3000, Loss_total = 0.0000894238,  Loss_t0 = 0.0000000017, Loss_physics = 0.0000876842
[2024-10-22 14:37:46,681][__main__][INFO] - Epoch = 1540/3000, Loss_total = 0.0000276184,  Loss_t0 = 0.0000000127, Loss_physics = 0.0000149308
[2024-10-22 14:37:47,811][__main__][INFO] - Epoch = 1550/3000, Loss_total = 0.0001029541,  Loss_t0 = 0.0000000242, Loss_physics = 0.0000787810
[2024-10-22 14:37:48,948][__main__][INFO] - Epoch = 1560/3000, Loss_total = 0.0002442601,  Loss_t0 = 0.0000002158, Loss_physics = 0.0000284565
[2024-10-22 14:37:50,105][__main__][INFO] - Epoch = 1570/3000, Loss_total = 0.0000461708,  Loss_t0 = 0.0000000039, Loss_physics = 0.0000422621
[2024-10-22 14:37:51,256][__main__][INFO] - Epoch = 1580/3000, Loss_total = 0.0003517648,  Loss_t0 = 0.0000003397, Loss_physics = 0.0000120441
[2024-10-22 14:37:52,402][__main__][INFO] - Epoch = 1590/3000, Loss_total = 0.0018167784,  Loss_t0 = 0.0000017805, Loss_physics = 0.0000362739
[2024-10-22 14:37:53,547][__main__][INFO] - Epoch = 1600/3000, Loss_total = 0.0029907192,  Loss_t0 = 0.0000028852, Loss_physics = 0.0001055587
[2024-10-22 14:37:54,673][__main__][INFO] - Epoch = 1610/3000, Loss_total = 0.0003358880,  Loss_t0 = 0.0000003153, Loss_physics = 0.0000206186
[2024-10-22 14:37:55,808][__main__][INFO] - Epoch = 1620/3000, Loss_total = 0.0000128744,  Loss_t0 = 0.0000000018, Loss_physics = 0.0000110751
[2024-10-22 14:37:57,041][__main__][INFO] - Epoch = 1630/3000, Loss_total = 0.0000108997,  Loss_t0 = 0.0000000044, Loss_physics = 0.0000064985
[2024-10-22 14:37:58,305][__main__][INFO] - Epoch = 1640/3000, Loss_total = 0.0000155190,  Loss_t0 = 0.0000000012, Loss_physics = 0.0000142842
[2024-10-22 14:37:59,510][__main__][INFO] - Epoch = 1650/3000, Loss_total = 0.0000337392,  Loss_t0 = 0.0000000266, Loss_physics = 0.0000071271
[2024-10-22 14:38:00,791][__main__][INFO] - Epoch = 1660/3000, Loss_total = 0.0000291997,  Loss_t0 = 0.0000000050, Loss_physics = 0.0000241630
[2024-10-22 14:38:01,998][__main__][INFO] - Epoch = 1670/3000, Loss_total = 0.0003794267,  Loss_t0 = 0.0000000038, Loss_physics = 0.0003756228
[2024-10-22 14:38:03,155][__main__][INFO] - Epoch = 1680/3000, Loss_total = 0.0000911351,  Loss_t0 = 0.0000000732, Loss_physics = 0.0000179076
[2024-10-22 14:38:04,305][__main__][INFO] - Epoch = 1690/3000, Loss_total = 0.0000216579,  Loss_t0 = 0.0000000174, Loss_physics = 0.0000042859
[2024-10-22 14:38:05,472][__main__][INFO] - Epoch = 1700/3000, Loss_total = 0.0001073313,  Loss_t0 = 0.0000000402, Loss_physics = 0.0000671081
[2024-10-22 14:38:06,639][__main__][INFO] - Epoch = 1710/3000, Loss_total = 0.0000101211,  Loss_t0 = 0.0000000064, Loss_physics = 0.0000037297
[2024-10-22 14:38:07,788][__main__][INFO] - Epoch = 1720/3000, Loss_total = 0.0000075250,  Loss_t0 = 0.0000000040, Loss_physics = 0.0000035496
[2024-10-22 14:38:08,935][__main__][INFO] - Epoch = 1730/3000, Loss_total = 0.0000093162,  Loss_t0 = 0.0000000021, Loss_physics = 0.0000072406
[2024-10-22 14:38:10,113][__main__][INFO] - Epoch = 1740/3000, Loss_total = 0.0000763883,  Loss_t0 = 0.0000000078, Loss_physics = 0.0000685423
[2024-10-22 14:38:11,305][__main__][INFO] - Epoch = 1750/3000, Loss_total = 0.0000167953,  Loss_t0 = 0.0000000022, Loss_physics = 0.0000145993
[2024-10-22 14:38:12,469][__main__][INFO] - Epoch = 1760/3000, Loss_total = 0.0000132330,  Loss_t0 = 0.0000000090, Loss_physics = 0.0000042657
[2024-10-22 14:38:13,708][__main__][INFO] - Epoch = 1770/3000, Loss_total = 0.0000162597,  Loss_t0 = 0.0000000114, Loss_physics = 0.0000048389
[2024-10-22 14:38:15,102][__main__][INFO] - Epoch = 1780/3000, Loss_total = 0.0001413428,  Loss_t0 = 0.0000000380, Loss_physics = 0.0001033151
[2024-10-22 14:38:16,426][__main__][INFO] - Epoch = 1790/3000, Loss_total = 0.0004139236,  Loss_t0 = 0.0000002714, Loss_physics = 0.0001425182
[2024-10-22 14:38:17,666][__main__][INFO] - Epoch = 1800/3000, Loss_total = 0.0000252438,  Loss_t0 = 0.0000000134, Loss_physics = 0.0000117998
[2024-10-22 14:38:18,823][__main__][INFO] - Epoch = 1810/3000, Loss_total = 0.0017629288,  Loss_t0 = 0.0000017163, Loss_physics = 0.0000466309
[2024-10-22 14:38:19,980][__main__][INFO] - Epoch = 1820/3000, Loss_total = 0.0000238954,  Loss_t0 = 0.0000000146, Loss_physics = 0.0000092487
[2024-10-22 14:38:21,182][__main__][INFO] - Epoch = 1830/3000, Loss_total = 0.0000691944,  Loss_t0 = 0.0000000526, Loss_physics = 0.0000165764
[2024-10-22 14:38:22,358][__main__][INFO] - Epoch = 1840/3000, Loss_total = 0.0000236526,  Loss_t0 = 0.0000000021, Loss_physics = 0.0000215775
[2024-10-22 14:38:23,516][__main__][INFO] - Epoch = 1850/3000, Loss_total = 0.0000797073,  Loss_t0 = 0.0000000583, Loss_physics = 0.0000213632
[2024-10-22 14:38:24,700][__main__][INFO] - Epoch = 1860/3000, Loss_total = 0.0000074575,  Loss_t0 = 0.0000000026, Loss_physics = 0.0000048547
[2024-10-22 14:38:25,864][__main__][INFO] - Epoch = 1870/3000, Loss_total = 0.0000086581,  Loss_t0 = 0.0000000004, Loss_physics = 0.0000082693
[2024-10-22 14:38:27,041][__main__][INFO] - Epoch = 1880/3000, Loss_total = 0.0000362346,  Loss_t0 = 0.0000000158, Loss_physics = 0.0000204277
[2024-10-22 14:38:28,189][__main__][INFO] - Epoch = 1890/3000, Loss_total = 0.0001967798,  Loss_t0 = 0.0000000839, Loss_physics = 0.0001128946
[2024-10-22 14:38:29,357][__main__][INFO] - Epoch = 1900/3000, Loss_total = 0.0000516963,  Loss_t0 = 0.0000000273, Loss_physics = 0.0000244420
[2024-10-22 14:38:30,558][__main__][INFO] - Epoch = 1910/3000, Loss_total = 0.0003338650,  Loss_t0 = 0.0000003068, Loss_physics = 0.0000270711
[2024-10-22 14:38:31,766][__main__][INFO] - Epoch = 1920/3000, Loss_total = 0.0001230200,  Loss_t0 = 0.0000000792, Loss_physics = 0.0000438157
[2024-10-22 14:38:32,963][__main__][INFO] - Epoch = 1930/3000, Loss_total = 0.0000671206,  Loss_t0 = 0.0000000286, Loss_physics = 0.0000385552
[2024-10-22 14:38:34,154][__main__][INFO] - Epoch = 1940/3000, Loss_total = 0.0000097317,  Loss_t0 = 0.0000000044, Loss_physics = 0.0000053379
[2024-10-22 14:38:35,298][__main__][INFO] - Epoch = 1950/3000, Loss_total = 0.0001456077,  Loss_t0 = 0.0000001312, Loss_physics = 0.0000143951
[2024-10-22 14:38:36,465][__main__][INFO] - Epoch = 1960/3000, Loss_total = 0.0000463059,  Loss_t0 = 0.0000000431, Loss_physics = 0.0000032126
[2024-10-22 14:38:37,630][__main__][INFO] - Epoch = 1970/3000, Loss_total = 0.0023074283,  Loss_t0 = 0.0000022939, Loss_physics = 0.0000134843
[2024-10-22 14:38:38,782][__main__][INFO] - Epoch = 1980/3000, Loss_total = 0.0000198837,  Loss_t0 = 0.0000000148, Loss_physics = 0.0000050425
[2024-10-22 14:38:39,933][__main__][INFO] - Epoch = 1990/3000, Loss_total = 0.0000847135,  Loss_t0 = 0.0000000525, Loss_physics = 0.0000321824
[2024-10-22 14:38:41,089][__main__][INFO] - Epoch = 2000/3000, Loss_total = 0.0000320478,  Loss_t0 = 0.0000000285, Loss_physics = 0.0000035500
[2024-10-22 14:38:42,280][__main__][INFO] - Epoch = 2010/3000, Loss_total = 0.0000341684,  Loss_t0 = 0.0000000226, Loss_physics = 0.0000116039
[2024-10-22 14:38:43,439][__main__][INFO] - Epoch = 2020/3000, Loss_total = 0.0004872897,  Loss_t0 = 0.0000004025, Loss_physics = 0.0000847446
[2024-10-22 14:38:44,617][__main__][INFO] - Epoch = 2030/3000, Loss_total = 0.0001316135,  Loss_t0 = 0.0000000048, Loss_physics = 0.0001268377
[2024-10-22 14:38:45,869][__main__][INFO] - Epoch = 2040/3000, Loss_total = 0.0000368000,  Loss_t0 = 0.0000000002, Loss_physics = 0.0000366315
[2024-10-22 14:38:47,177][__main__][INFO] - Epoch = 2050/3000, Loss_total = 0.0006819321,  Loss_t0 = 0.0000006577, Loss_physics = 0.0000242061
[2024-10-22 14:38:48,415][__main__][INFO] - Epoch = 2060/3000, Loss_total = 0.0000304980,  Loss_t0 = 0.0000000064, Loss_physics = 0.0000241000
[2024-10-22 14:38:49,619][__main__][INFO] - Epoch = 2070/3000, Loss_total = 0.0000033344,  Loss_t0 = 0.0000000014, Loss_physics = 0.0000019287
[2024-10-22 14:38:50,812][__main__][INFO] - Epoch = 2080/3000, Loss_total = 0.0000656342,  Loss_t0 = 0.0000000592, Loss_physics = 0.0000064717
[2024-10-22 14:38:52,035][__main__][INFO] - Epoch = 2090/3000, Loss_total = 0.0003780336,  Loss_t0 = 0.0000003384, Loss_physics = 0.0000396258
[2024-10-22 14:38:53,234][__main__][INFO] - Epoch = 2100/3000, Loss_total = 0.0000193092,  Loss_t0 = 0.0000000159, Loss_physics = 0.0000034583
[2024-10-22 14:38:54,558][__main__][INFO] - Epoch = 2110/3000, Loss_total = 0.0000088335,  Loss_t0 = 0.0000000027, Loss_physics = 0.0000061381
[2024-10-22 14:38:55,779][__main__][INFO] - Epoch = 2120/3000, Loss_total = 0.0007638805,  Loss_t0 = 0.0000006959, Loss_physics = 0.0000680083
[2024-10-22 14:38:57,000][__main__][INFO] - Epoch = 2130/3000, Loss_total = 0.0001643644,  Loss_t0 = 0.0000000676, Loss_physics = 0.0000967509
[2024-10-22 14:38:58,211][__main__][INFO] - Epoch = 2140/3000, Loss_total = 0.0000309520,  Loss_t0 = 0.0000000085, Loss_physics = 0.0000224529
[2024-10-22 14:38:59,389][__main__][INFO] - Epoch = 2150/3000, Loss_total = 0.0000199873,  Loss_t0 = 0.0000000169, Loss_physics = 0.0000031317
[2024-10-22 14:39:00,616][__main__][INFO] - Epoch = 2160/3000, Loss_total = 0.0000359316,  Loss_t0 = 0.0000000230, Loss_physics = 0.0000129250
[2024-10-22 14:39:01,824][__main__][INFO] - Epoch = 2170/3000, Loss_total = 0.0000550905,  Loss_t0 = 0.0000000481, Loss_physics = 0.0000069619
[2024-10-22 14:39:03,049][__main__][INFO] - Epoch = 2180/3000, Loss_total = 0.0000240565,  Loss_t0 = 0.0000000192, Loss_physics = 0.0000048732
[2024-10-22 14:39:04,240][__main__][INFO] - Epoch = 2190/3000, Loss_total = 0.0000836959,  Loss_t0 = 0.0000000549, Loss_physics = 0.0000288235
[2024-10-22 14:39:05,457][__main__][INFO] - Epoch = 2200/3000, Loss_total = 0.0000107648,  Loss_t0 = 0.0000000059, Loss_physics = 0.0000048515
[2024-10-22 14:39:06,694][__main__][INFO] - Epoch = 2210/3000, Loss_total = 0.0000113169,  Loss_t0 = 0.0000000075, Loss_physics = 0.0000038267
[2024-10-22 14:39:07,896][__main__][INFO] - Epoch = 2220/3000, Loss_total = 0.0000283787,  Loss_t0 = 0.0000000032, Loss_physics = 0.0000252096
[2024-10-22 14:39:09,048][__main__][INFO] - Epoch = 2230/3000, Loss_total = 0.0000674637,  Loss_t0 = 0.0000000513, Loss_physics = 0.0000161560
[2024-10-22 14:39:10,227][__main__][INFO] - Epoch = 2240/3000, Loss_total = 0.0000268543,  Loss_t0 = 0.0000000248, Loss_physics = 0.0000020966
[2024-10-22 14:39:11,369][__main__][INFO] - Epoch = 2250/3000, Loss_total = 0.0003533525,  Loss_t0 = 0.0000003308, Loss_physics = 0.0000225276
[2024-10-22 14:39:12,513][__main__][INFO] - Epoch = 2260/3000, Loss_total = 0.0000764891,  Loss_t0 = 0.0000000033, Loss_physics = 0.0000731835
[2024-10-22 14:39:13,726][__main__][INFO] - Epoch = 2270/3000, Loss_total = 0.0001522056,  Loss_t0 = 0.0000000044, Loss_physics = 0.0001477932
[2024-10-22 14:39:15,106][__main__][INFO] - Epoch = 2280/3000, Loss_total = 0.0000160010,  Loss_t0 = 0.0000000028, Loss_physics = 0.0000131534
[2024-10-22 14:39:16,443][__main__][INFO] - Epoch = 2290/3000, Loss_total = 0.0000178848,  Loss_t0 = 0.0000000030, Loss_physics = 0.0000148785
[2024-10-22 14:39:17,705][__main__][INFO] - Epoch = 2300/3000, Loss_total = 0.0000251331,  Loss_t0 = 0.0000000072, Loss_physics = 0.0000179418
[2024-10-22 14:39:18,873][__main__][INFO] - Epoch = 2310/3000, Loss_total = 0.0000284349,  Loss_t0 = 0.0000000013, Loss_physics = 0.0000271152
[2024-10-22 14:39:20,009][__main__][INFO] - Epoch = 2320/3000, Loss_total = 0.0000927976,  Loss_t0 = 0.0000000478, Loss_physics = 0.0000449779
[2024-10-22 14:39:21,156][__main__][INFO] - Epoch = 2330/3000, Loss_total = 0.0001199607,  Loss_t0 = 0.0000000551, Loss_physics = 0.0000648868
[2024-10-22 14:39:22,324][__main__][INFO] - Epoch = 2340/3000, Loss_total = 0.0000434984,  Loss_t0 = 0.0000000207, Loss_physics = 0.0000227944
[2024-10-22 14:39:23,490][__main__][INFO] - Epoch = 2350/3000, Loss_total = 0.0000352406,  Loss_t0 = 0.0000000280, Loss_physics = 0.0000072254
[2024-10-22 14:39:24,664][__main__][INFO] - Epoch = 2360/3000, Loss_total = 0.0000633647,  Loss_t0 = 0.0000000134, Loss_physics = 0.0000499193
[2024-10-22 14:39:25,850][__main__][INFO] - Epoch = 2370/3000, Loss_total = 0.0000725212,  Loss_t0 = 0.0000000023, Loss_physics = 0.0000702671
[2024-10-22 14:39:27,039][__main__][INFO] - Epoch = 2380/3000, Loss_total = 0.0004412185,  Loss_t0 = 0.0000000026, Loss_physics = 0.0004386266
[2024-10-22 14:39:28,247][__main__][INFO] - Epoch = 2390/3000, Loss_total = 0.0001223720,  Loss_t0 = 0.0000001101, Loss_physics = 0.0000122791
[2024-10-22 14:39:29,412][__main__][INFO] - Epoch = 2400/3000, Loss_total = 0.0000118318,  Loss_t0 = 0.0000000045, Loss_physics = 0.0000072973
[2024-10-22 14:39:30,594][__main__][INFO] - Epoch = 2410/3000, Loss_total = 0.0000742859,  Loss_t0 = 0.0000000682, Loss_physics = 0.0000060842
[2024-10-22 14:39:31,748][__main__][INFO] - Epoch = 2420/3000, Loss_total = 0.0000731651,  Loss_t0 = 0.0000000002, Loss_physics = 0.0000729600
[2024-10-22 14:39:32,890][__main__][INFO] - Epoch = 2430/3000, Loss_total = 0.0001028465,  Loss_t0 = 0.0000000728, Loss_physics = 0.0000300762
[2024-10-22 14:39:34,043][__main__][INFO] - Epoch = 2440/3000, Loss_total = 0.0000629869,  Loss_t0 = 0.0000000515, Loss_physics = 0.0000114804
[2024-10-22 14:39:35,197][__main__][INFO] - Epoch = 2450/3000, Loss_total = 0.0000217120,  Loss_t0 = 0.0000000086, Loss_physics = 0.0000131453
[2024-10-22 14:39:36,367][__main__][INFO] - Epoch = 2460/3000, Loss_total = 0.0003351495,  Loss_t0 = 0.0000003258, Loss_physics = 0.0000093852
[2024-10-22 14:39:37,562][__main__][INFO] - Epoch = 2470/3000, Loss_total = 0.0000380385,  Loss_t0 = 0.0000000337, Loss_physics = 0.0000043783
[2024-10-22 14:39:38,758][__main__][INFO] - Epoch = 2480/3000, Loss_total = 0.0001244369,  Loss_t0 = 0.0000001142, Loss_physics = 0.0000102843
[2024-10-22 14:39:39,930][__main__][INFO] - Epoch = 2490/3000, Loss_total = 0.0000176961,  Loss_t0 = 0.0000000059, Loss_physics = 0.0000118235
[2024-10-22 14:39:41,131][__main__][INFO] - Epoch = 2500/3000, Loss_total = 0.0000714348,  Loss_t0 = 0.0000000426, Loss_physics = 0.0000288358
[2024-10-22 14:39:42,298][__main__][INFO] - Epoch = 2510/3000, Loss_total = 0.0000986860,  Loss_t0 = 0.0000000870, Loss_physics = 0.0000116489
[2024-10-22 14:39:43,497][__main__][INFO] - Epoch = 2520/3000, Loss_total = 0.0000061957,  Loss_t0 = 0.0000000004, Loss_physics = 0.0000058375
[2024-10-22 14:39:44,707][__main__][INFO] - Epoch = 2530/3000, Loss_total = 0.0000341132,  Loss_t0 = 0.0000000216, Loss_physics = 0.0000124664
[2024-10-22 14:39:45,895][__main__][INFO] - Epoch = 2540/3000, Loss_total = 0.0000073021,  Loss_t0 = 0.0000000000, Loss_physics = 0.0000072869
[2024-10-22 14:39:47,205][__main__][INFO] - Epoch = 2550/3000, Loss_total = 0.0000181095,  Loss_t0 = 0.0000000048, Loss_physics = 0.0000133090
[2024-10-22 14:39:48,392][__main__][INFO] - Epoch = 2560/3000, Loss_total = 0.0000900505,  Loss_t0 = 0.0000000029, Loss_physics = 0.0000871981
[2024-10-22 14:39:49,609][__main__][INFO] - Epoch = 2570/3000, Loss_total = 0.0002375600,  Loss_t0 = 0.0000002318, Loss_physics = 0.0000057766
[2024-10-22 14:39:50,768][__main__][INFO] - Epoch = 2580/3000, Loss_total = 0.0000058712,  Loss_t0 = 0.0000000032, Loss_physics = 0.0000026706
[2024-10-22 14:39:51,947][__main__][INFO] - Epoch = 2590/3000, Loss_total = 0.0002142087,  Loss_t0 = 0.0000001965, Loss_physics = 0.0000177566
[2024-10-22 14:39:53,106][__main__][INFO] - Epoch = 2600/3000, Loss_total = 0.0000061104,  Loss_t0 = 0.0000000024, Loss_physics = 0.0000036745
[2024-10-22 14:39:54,267][__main__][INFO] - Epoch = 2610/3000, Loss_total = 0.0000278593,  Loss_t0 = 0.0000000109, Loss_physics = 0.0000169463
[2024-10-22 14:39:55,435][__main__][INFO] - Epoch = 2620/3000, Loss_total = 0.0000036107,  Loss_t0 = 0.0000000027, Loss_physics = 0.0000008905
[2024-10-22 14:39:56,599][__main__][INFO] - Epoch = 2630/3000, Loss_total = 0.0000179480,  Loss_t0 = 0.0000000151, Loss_physics = 0.0000028830
[2024-10-22 14:39:57,775][__main__][INFO] - Epoch = 2640/3000, Loss_total = 0.0000303346,  Loss_t0 = 0.0000000006, Loss_physics = 0.0000297829
[2024-10-22 14:39:58,940][__main__][INFO] - Epoch = 2650/3000, Loss_total = 0.0000842993,  Loss_t0 = 0.0000000796, Loss_physics = 0.0000046512
[2024-10-22 14:40:00,121][__main__][INFO] - Epoch = 2660/3000, Loss_total = 0.0005229865,  Loss_t0 = 0.0000004953, Loss_physics = 0.0000276980
[2024-10-22 14:40:01,273][__main__][INFO] - Epoch = 2670/3000, Loss_total = 0.0000348471,  Loss_t0 = 0.0000000204, Loss_physics = 0.0000144411
[2024-10-22 14:40:02,452][__main__][INFO] - Epoch = 2680/3000, Loss_total = 0.0000073329,  Loss_t0 = 0.0000000036, Loss_physics = 0.0000037030
[2024-10-22 14:40:03,598][__main__][INFO] - Epoch = 2690/3000, Loss_total = 0.0001144660,  Loss_t0 = 0.0000000130, Loss_physics = 0.0001014257
[2024-10-22 14:40:04,761][__main__][INFO] - Epoch = 2700/3000, Loss_total = 0.0011189743,  Loss_t0 = 0.0000010934, Loss_physics = 0.0000255992
[2024-10-22 14:40:05,950][__main__][INFO] - Epoch = 2710/3000, Loss_total = 0.0001257110,  Loss_t0 = 0.0000001230, Loss_physics = 0.0000026697
[2024-10-22 14:40:07,166][__main__][INFO] - Epoch = 2720/3000, Loss_total = 0.0000066766,  Loss_t0 = 0.0000000001, Loss_physics = 0.0000066264
[2024-10-22 14:40:08,357][__main__][INFO] - Epoch = 2730/3000, Loss_total = 0.0000042180,  Loss_t0 = 0.0000000019, Loss_physics = 0.0000023025
[2024-10-22 14:40:09,505][__main__][INFO] - Epoch = 2740/3000, Loss_total = 0.0000583734,  Loss_t0 = 0.0000000310, Loss_physics = 0.0000273586
[2024-10-22 14:40:10,663][__main__][INFO] - Epoch = 2750/3000, Loss_total = 0.0000613512,  Loss_t0 = 0.0000000011, Loss_physics = 0.0000602425
[2024-10-22 14:40:11,814][__main__][INFO] - Epoch = 2760/3000, Loss_total = 0.0000756884,  Loss_t0 = 0.0000000724, Loss_physics = 0.0000032804
[2024-10-22 14:40:12,967][__main__][INFO] - Epoch = 2770/3000, Loss_total = 0.0000357618,  Loss_t0 = 0.0000000323, Loss_physics = 0.0000034683
[2024-10-22 14:40:14,288][__main__][INFO] - Epoch = 2780/3000, Loss_total = 0.0001535667,  Loss_t0 = 0.0000000818, Loss_physics = 0.0000717246
[2024-10-22 14:40:15,667][__main__][INFO] - Epoch = 2790/3000, Loss_total = 0.0002160906,  Loss_t0 = 0.0000002129, Loss_physics = 0.0000032205
[2024-10-22 14:40:16,982][__main__][INFO] - Epoch = 2800/3000, Loss_total = 0.0000318870,  Loss_t0 = 0.0000000106, Loss_physics = 0.0000212405
[2024-10-22 14:40:18,173][__main__][INFO] - Epoch = 2810/3000, Loss_total = 0.0000300140,  Loss_t0 = 0.0000000266, Loss_physics = 0.0000033957
[2024-10-22 14:40:19,320][__main__][INFO] - Epoch = 2820/3000, Loss_total = 0.0000122784,  Loss_t0 = 0.0000000079, Loss_physics = 0.0000043852
[2024-10-22 14:40:20,490][__main__][INFO] - Epoch = 2830/3000, Loss_total = 0.0001145754,  Loss_t0 = 0.0000001062, Loss_physics = 0.0000084119
[2024-10-22 14:40:21,656][__main__][INFO] - Epoch = 2840/3000, Loss_total = 0.0000017604,  Loss_t0 = 0.0000000001, Loss_physics = 0.0000016362
[2024-10-22 14:40:22,848][__main__][INFO] - Epoch = 2850/3000, Loss_total = 0.0001384118,  Loss_t0 = 0.0000001184, Loss_physics = 0.0000200122
[2024-10-22 14:40:23,994][__main__][INFO] - Epoch = 2860/3000, Loss_total = 0.0001818394,  Loss_t0 = 0.0000001786, Loss_physics = 0.0000031914
[2024-10-22 14:40:25,194][__main__][INFO] - Epoch = 2870/3000, Loss_total = 0.0000101341,  Loss_t0 = 0.0000000083, Loss_physics = 0.0000018400
[2024-10-22 14:40:26,343][__main__][INFO] - Epoch = 2880/3000, Loss_total = 0.0000104463,  Loss_t0 = 0.0000000060, Loss_physics = 0.0000044749
[2024-10-22 14:40:27,516][__main__][INFO] - Epoch = 2890/3000, Loss_total = 0.0000069226,  Loss_t0 = 0.0000000019, Loss_physics = 0.0000050309
[2024-10-22 14:40:28,655][__main__][INFO] - Epoch = 2900/3000, Loss_total = 0.0000228432,  Loss_t0 = 0.0000000214, Loss_physics = 0.0000014788
[2024-10-22 14:40:29,806][__main__][INFO] - Epoch = 2910/3000, Loss_total = 0.0000200893,  Loss_t0 = 0.0000000170, Loss_physics = 0.0000030602
[2024-10-22 14:40:30,949][__main__][INFO] - Epoch = 2920/3000, Loss_total = 0.0000394463,  Loss_t0 = 0.0000000280, Loss_physics = 0.0000114458
[2024-10-22 14:40:32,114][__main__][INFO] - Epoch = 2930/3000, Loss_total = 0.0000549525,  Loss_t0 = 0.0000000442, Loss_physics = 0.0000107822
[2024-10-22 14:40:33,273][__main__][INFO] - Epoch = 2940/3000, Loss_total = 0.0000163217,  Loss_t0 = 0.0000000057, Loss_physics = 0.0000106143
[2024-10-22 14:40:34,442][__main__][INFO] - Epoch = 2950/3000, Loss_total = 0.0000114417,  Loss_t0 = 0.0000000020, Loss_physics = 0.0000094711
[2024-10-22 14:40:35,590][__main__][INFO] - Epoch = 2960/3000, Loss_total = 0.0000332999,  Loss_t0 = 0.0000000320, Loss_physics = 0.0000013057
[2024-10-22 14:40:36,750][__main__][INFO] - Epoch = 2970/3000, Loss_total = 0.0000146173,  Loss_t0 = 0.0000000008, Loss_physics = 0.0000138318
[2024-10-22 14:40:37,899][__main__][INFO] - Epoch = 2980/3000, Loss_total = 0.0001166268,  Loss_t0 = 0.0000001125, Loss_physics = 0.0000041143
[2024-10-22 14:40:39,035][__main__][INFO] - Epoch = 2990/3000, Loss_total = 0.0002706387,  Loss_t0 = 0.0000002480, Loss_physics = 0.0000226480
