[2024-10-22 15:03:57,268][__main__][INFO] - INFO LEVEL MESSAGE: 

[2024-10-22 15:03:57,270][__main__][INFO] - CONFIG: 
system:
  type: nonauto
  m: 1
  c: 1
  k: 2
  duration: 20
  fs: 200
  fe: 2.0
  amp: 10.0
network:
  input_dim: 1
  output_dim: 1
  num_hidden_layers: 1
  hidden_dim: 128
training:
  type: pinn
  epochs: 3000
  batch_size: 64
  learning_rate: 0.01
  scheduler_step_size: 1000
  scheduler_gamma: 0.75
  physics_reg: 1.0
  initial_reg: 1000.0
  data_reg: 5.0

[2024-10-22 15:04:00,371][__main__][INFO] - Epoch = 0/3000, Loss_total = 41.9602966309,  Loss_t0 = 0.0000280926, Loss_physics = 41.9322052002
[2024-10-22 15:04:05,950][__main__][INFO] - Epoch = 10/3000, Loss_total = 55.5913887024,  Loss_t0 = 0.0000005603, Loss_physics = 55.5908279419
[2024-10-22 15:04:11,329][__main__][INFO] - Epoch = 20/3000, Loss_total = 36.1827774048,  Loss_t0 = 0.0000034161, Loss_physics = 36.1793594360
[2024-10-22 15:04:17,140][__main__][INFO] - Epoch = 30/3000, Loss_total = 58.5258407593,  Loss_t0 = 0.0000522889, Loss_physics = 58.4735527039
[2024-10-22 15:04:22,686][__main__][INFO] - Epoch = 40/3000, Loss_total = 40.6940650940,  Loss_t0 = 0.0004208343, Loss_physics = 40.2732315063
[2024-10-22 15:04:27,621][__main__][INFO] - Epoch = 50/3000, Loss_total = 43.3041000366,  Loss_t0 = 0.0000048248, Loss_physics = 43.2992744446
[2024-10-22 15:04:32,619][__main__][INFO] - Epoch = 60/3000, Loss_total = 47.2516899109,  Loss_t0 = 0.0000101000, Loss_physics = 47.2415885925
[2024-10-22 15:04:37,642][__main__][INFO] - Epoch = 70/3000, Loss_total = 27.8421535492,  Loss_t0 = 0.0000326801, Loss_physics = 27.8094730377
[2024-10-22 15:04:42,633][__main__][INFO] - Epoch = 80/3000, Loss_total = 36.5543670654,  Loss_t0 = 0.0000624321, Loss_physics = 36.4919357300
[2024-10-22 15:04:47,756][__main__][INFO] - Epoch = 90/3000, Loss_total = 46.6970024109,  Loss_t0 = 0.0000115490, Loss_physics = 46.6854553223
[2024-10-22 15:04:53,075][__main__][INFO] - Epoch = 100/3000, Loss_total = 26.7537441254,  Loss_t0 = 0.0000218059, Loss_physics = 26.7319374084
[2024-10-22 15:04:59,413][__main__][INFO] - Epoch = 110/3000, Loss_total = 39.4938240051,  Loss_t0 = 0.0000260530, Loss_physics = 39.4677696228
[2024-10-22 15:05:05,588][__main__][INFO] - Epoch = 120/3000, Loss_total = 33.2122993469,  Loss_t0 = 0.0000193029, Loss_physics = 33.1929969788
[2024-10-22 15:05:10,942][__main__][INFO] - Epoch = 130/3000, Loss_total = 35.8042945862,  Loss_t0 = 0.0000148325, Loss_physics = 35.7894630432
[2024-10-22 15:05:16,392][__main__][INFO] - Epoch = 140/3000, Loss_total = 45.8255233765,  Loss_t0 = 0.0000073613, Loss_physics = 45.8181610107
[2024-10-22 15:05:21,662][__main__][INFO] - Epoch = 150/3000, Loss_total = 44.3272018433,  Loss_t0 = 0.0000066230, Loss_physics = 44.3205795288
[2024-10-22 15:05:26,683][__main__][INFO] - Epoch = 160/3000, Loss_total = 38.5733261108,  Loss_t0 = 0.0000012597, Loss_physics = 38.5720672607
[2024-10-22 15:05:31,724][__main__][INFO] - Epoch = 170/3000, Loss_total = 30.7996578217,  Loss_t0 = 0.0000208798, Loss_physics = 30.7787780762
[2024-10-22 15:05:36,871][__main__][INFO] - Epoch = 180/3000, Loss_total = 30.4134922028,  Loss_t0 = 0.0000095186, Loss_physics = 30.4039745331
[2024-10-22 15:05:42,393][__main__][INFO] - Epoch = 190/3000, Loss_total = 27.3986129761,  Loss_t0 = 0.0000048835, Loss_physics = 27.3937301636
[2024-10-22 15:05:47,866][__main__][INFO] - Epoch = 200/3000, Loss_total = 23.0604686737,  Loss_t0 = 0.0002155300, Loss_physics = 22.8449382782
[2024-10-22 15:05:53,338][__main__][INFO] - Epoch = 210/3000, Loss_total = 30.2292823792,  Loss_t0 = 0.0000029013, Loss_physics = 30.2263813019
[2024-10-22 15:05:58,509][__main__][INFO] - Epoch = 220/3000, Loss_total = 29.7141551971,  Loss_t0 = 0.0000185678, Loss_physics = 29.6955871582
[2024-10-22 15:06:04,150][__main__][INFO] - Epoch = 230/3000, Loss_total = 38.0911293030,  Loss_t0 = 0.0000034580, Loss_physics = 38.0876693726
[2024-10-22 15:06:09,658][__main__][INFO] - Epoch = 240/3000, Loss_total = 35.4263954163,  Loss_t0 = 0.0000000413, Loss_physics = 35.4263534546
[2024-10-22 15:06:15,259][__main__][INFO] - Epoch = 250/3000, Loss_total = 28.8678627014,  Loss_t0 = 0.0000374312, Loss_physics = 28.8304309845
[2024-10-22 15:06:21,181][__main__][INFO] - Epoch = 260/3000, Loss_total = 31.6897945404,  Loss_t0 = 0.0000235377, Loss_physics = 31.6662559509
[2024-10-22 15:06:26,618][__main__][INFO] - Epoch = 270/3000, Loss_total = 35.6287269592,  Loss_t0 = 0.0000018963, Loss_physics = 35.6268310547
[2024-10-22 15:06:32,434][__main__][INFO] - Epoch = 280/3000, Loss_total = 32.7250480652,  Loss_t0 = 0.0000005461, Loss_physics = 32.7245025635
[2024-10-22 15:06:38,390][__main__][INFO] - Epoch = 290/3000, Loss_total = 36.3781166077,  Loss_t0 = 0.0000017658, Loss_physics = 36.3763504028
[2024-10-22 15:06:44,227][__main__][INFO] - Epoch = 300/3000, Loss_total = 32.8403663635,  Loss_t0 = 0.0000010796, Loss_physics = 32.8392868042
[2024-10-22 15:06:49,838][__main__][INFO] - Epoch = 310/3000, Loss_total = 29.1351108551,  Loss_t0 = 0.0000009290, Loss_physics = 29.1341819763
[2024-10-22 15:06:55,281][__main__][INFO] - Epoch = 320/3000, Loss_total = 35.0407447815,  Loss_t0 = 0.0000058996, Loss_physics = 35.0348434448
[2024-10-22 15:07:00,402][__main__][INFO] - Epoch = 330/3000, Loss_total = 34.0240936279,  Loss_t0 = 0.0000085593, Loss_physics = 34.0155334473
[2024-10-22 15:07:06,109][__main__][INFO] - Epoch = 340/3000, Loss_total = 30.5445384979,  Loss_t0 = 0.0000148068, Loss_physics = 30.5297317505
[2024-10-22 15:07:11,883][__main__][INFO] - Epoch = 350/3000, Loss_total = 31.8086776733,  Loss_t0 = 0.0000041600, Loss_physics = 31.8045177460
[2024-10-22 15:07:18,553][__main__][INFO] - Epoch = 360/3000, Loss_total = 23.3563613892,  Loss_t0 = 0.0000012663, Loss_physics = 23.3550949097
[2024-10-22 15:07:24,601][__main__][INFO] - Epoch = 370/3000, Loss_total = 33.0140075684,  Loss_t0 = 0.0000005176, Loss_physics = 33.0134887695
[2024-10-22 15:07:30,683][__main__][INFO] - Epoch = 380/3000, Loss_total = 27.3039855957,  Loss_t0 = 0.0000141577, Loss_physics = 27.2898273468
[2024-10-22 15:07:36,645][__main__][INFO] - Epoch = 390/3000, Loss_total = 33.2492942810,  Loss_t0 = 0.0000025068, Loss_physics = 33.2467880249
[2024-10-22 15:07:42,401][__main__][INFO] - Epoch = 400/3000, Loss_total = 19.5498867035,  Loss_t0 = 0.0000032062, Loss_physics = 19.5466804504
[2024-10-22 15:07:48,287][__main__][INFO] - Epoch = 410/3000, Loss_total = 32.9121513367,  Loss_t0 = 0.0000011609, Loss_physics = 32.9109916687
[2024-10-22 15:07:54,049][__main__][INFO] - Epoch = 420/3000, Loss_total = 26.9062919617,  Loss_t0 = 0.0000043467, Loss_physics = 26.9019451141
[2024-10-22 15:08:00,001][__main__][INFO] - Epoch = 430/3000, Loss_total = 22.1362972260,  Loss_t0 = 0.0000249303, Loss_physics = 22.1113662720
[2024-10-22 15:08:06,063][__main__][INFO] - Epoch = 440/3000, Loss_total = 30.9732093811,  Loss_t0 = 0.0011842068, Loss_physics = 29.7890033722
[2024-10-22 15:08:11,976][__main__][INFO] - Epoch = 450/3000, Loss_total = 30.6019058228,  Loss_t0 = 0.0000575896, Loss_physics = 30.5443153381
[2024-10-22 15:08:18,427][__main__][INFO] - Epoch = 460/3000, Loss_total = 24.7727012634,  Loss_t0 = 0.0000039361, Loss_physics = 24.7687644958
[2024-10-22 15:08:24,486][__main__][INFO] - Epoch = 470/3000, Loss_total = 25.0168685913,  Loss_t0 = 0.0000021930, Loss_physics = 25.0146751404
[2024-10-22 15:08:30,310][__main__][INFO] - Epoch = 480/3000, Loss_total = 13.3263387680,  Loss_t0 = 0.0000183954, Loss_physics = 13.3079433441
[2024-10-22 15:08:36,276][__main__][INFO] - Epoch = 490/3000, Loss_total = 26.0170307159,  Loss_t0 = 0.0000012766, Loss_physics = 26.0157546997
[2024-10-22 15:08:42,028][__main__][INFO] - Epoch = 500/3000, Loss_total = 13.3979549408,  Loss_t0 = 0.0000013214, Loss_physics = 13.3966331482
[2024-10-22 15:08:47,631][__main__][INFO] - Epoch = 510/3000, Loss_total = 20.8582458496,  Loss_t0 = 0.0000004075, Loss_physics = 20.8578376770
[2024-10-22 15:08:54,047][__main__][INFO] - Epoch = 520/3000, Loss_total = 20.0290870667,  Loss_t0 = 0.0000175490, Loss_physics = 20.0115375519
[2024-10-22 15:09:00,709][__main__][INFO] - Epoch = 530/3000, Loss_total = 17.4412727356,  Loss_t0 = 0.0000238393, Loss_physics = 17.4174327850
[2024-10-22 15:09:07,365][__main__][INFO] - Epoch = 540/3000, Loss_total = 30.1477508545,  Loss_t0 = 0.0000048267, Loss_physics = 30.1429233551
[2024-10-22 15:09:14,387][__main__][INFO] - Epoch = 550/3000, Loss_total = 17.8948287964,  Loss_t0 = 0.0000483672, Loss_physics = 17.8464622498
[2024-10-22 15:09:21,817][__main__][INFO] - Epoch = 560/3000, Loss_total = 23.8949337006,  Loss_t0 = 0.0000043589, Loss_physics = 23.8905754089
[2024-10-22 15:09:29,369][__main__][INFO] - Epoch = 570/3000, Loss_total = 27.3769321442,  Loss_t0 = 0.0000066053, Loss_physics = 27.3703269958
[2024-10-22 15:09:37,484][__main__][INFO] - Epoch = 580/3000, Loss_total = 23.0181732178,  Loss_t0 = 0.0000277117, Loss_physics = 22.9904613495
[2024-10-22 15:09:45,418][__main__][INFO] - Epoch = 590/3000, Loss_total = 19.0954380035,  Loss_t0 = 0.0000100148, Loss_physics = 19.0854225159
[2024-10-22 15:09:53,797][__main__][INFO] - Epoch = 600/3000, Loss_total = 23.1480884552,  Loss_t0 = 0.0000052737, Loss_physics = 23.1428146362
[2024-10-22 15:10:01,902][__main__][INFO] - Epoch = 610/3000, Loss_total = 23.7481613159,  Loss_t0 = 0.0000132906, Loss_physics = 23.7348709106
[2024-10-22 15:10:07,082][__main__][INFO] - Epoch = 620/3000, Loss_total = 21.7750625610,  Loss_t0 = 0.0000007865, Loss_physics = 21.7742767334
[2024-10-22 15:10:12,538][__main__][INFO] - Epoch = 630/3000, Loss_total = 15.0126819611,  Loss_t0 = 0.0000020202, Loss_physics = 15.0106620789
[2024-10-22 15:10:18,405][__main__][INFO] - Epoch = 640/3000, Loss_total = 16.6558151245,  Loss_t0 = 0.0000830528, Loss_physics = 16.5727615356
[2024-10-22 15:10:24,079][__main__][INFO] - Epoch = 650/3000, Loss_total = 16.4128990173,  Loss_t0 = 0.0000484239, Loss_physics = 16.3644752502
[2024-10-22 15:10:29,518][__main__][INFO] - Epoch = 660/3000, Loss_total = 14.0485801697,  Loss_t0 = 0.0000229900, Loss_physics = 14.0255899429
[2024-10-22 15:10:35,196][__main__][INFO] - Epoch = 670/3000, Loss_total = 19.1811599731,  Loss_t0 = 0.0002731941, Loss_physics = 18.9079666138
[2024-10-22 15:10:40,532][__main__][INFO] - Epoch = 680/3000, Loss_total = 15.9270315170,  Loss_t0 = 0.0000292151, Loss_physics = 15.8978166580
[2024-10-22 15:10:46,024][__main__][INFO] - Epoch = 690/3000, Loss_total = 19.2673435211,  Loss_t0 = 0.0000363674, Loss_physics = 19.2309761047
[2024-10-22 15:10:51,376][__main__][INFO] - Epoch = 700/3000, Loss_total = 26.2297706604,  Loss_t0 = 0.0000200842, Loss_physics = 26.2096862793
[2024-10-22 15:10:56,731][__main__][INFO] - Epoch = 710/3000, Loss_total = 22.5378284454,  Loss_t0 = 0.0001634309, Loss_physics = 22.3743972778
[2024-10-22 15:11:02,098][__main__][INFO] - Epoch = 720/3000, Loss_total = 19.3424892426,  Loss_t0 = 0.0000299617, Loss_physics = 19.3125267029
[2024-10-22 15:11:07,538][__main__][INFO] - Epoch = 730/3000, Loss_total = 38.8747673035,  Loss_t0 = 0.0029846169, Loss_physics = 35.8901519775
[2024-10-22 15:11:12,806][__main__][INFO] - Epoch = 740/3000, Loss_total = 28.7706832886,  Loss_t0 = 0.0000048409, Loss_physics = 28.7658424377
[2024-10-22 15:11:18,703][__main__][INFO] - Epoch = 750/3000, Loss_total = 14.9890241623,  Loss_t0 = 0.0000005597, Loss_physics = 14.9884643555
[2024-10-22 15:11:24,276][__main__][INFO] - Epoch = 760/3000, Loss_total = 13.9217109680,  Loss_t0 = 0.0000103816, Loss_physics = 13.9113292694
[2024-10-22 15:11:29,766][__main__][INFO] - Epoch = 770/3000, Loss_total = 11.3620214462,  Loss_t0 = 0.0000397694, Loss_physics = 11.3222522736
[2024-10-22 15:11:35,813][__main__][INFO] - Epoch = 780/3000, Loss_total = 15.6549987793,  Loss_t0 = 0.0000007917, Loss_physics = 15.6542072296
[2024-10-22 15:11:41,434][__main__][INFO] - Epoch = 790/3000, Loss_total = 24.2948169708,  Loss_t0 = 0.0000218808, Loss_physics = 24.2729358673
[2024-10-22 15:11:46,883][__main__][INFO] - Epoch = 800/3000, Loss_total = 23.0185890198,  Loss_t0 = 0.0000133981, Loss_physics = 23.0051918030
[2024-10-22 15:11:52,396][__main__][INFO] - Epoch = 810/3000, Loss_total = 16.7235183716,  Loss_t0 = 0.0000115742, Loss_physics = 16.7119445801
[2024-10-22 15:11:57,850][__main__][INFO] - Epoch = 820/3000, Loss_total = 16.8458709717,  Loss_t0 = 0.0000251965, Loss_physics = 16.8206748962
[2024-10-22 15:12:03,198][__main__][INFO] - Epoch = 830/3000, Loss_total = 28.9699249268,  Loss_t0 = 0.0000224600, Loss_physics = 28.9474639893
[2024-10-22 15:12:08,498][__main__][INFO] - Epoch = 840/3000, Loss_total = 17.8184127808,  Loss_t0 = 0.0000161512, Loss_physics = 17.8022613525
[2024-10-22 15:12:13,979][__main__][INFO] - Epoch = 850/3000, Loss_total = 10.9515371323,  Loss_t0 = 0.0000175740, Loss_physics = 10.9339628220
[2024-10-22 15:12:19,647][__main__][INFO] - Epoch = 860/3000, Loss_total = 16.5337104797,  Loss_t0 = 0.0000084765, Loss_physics = 16.5252342224
[2024-10-22 15:12:25,249][__main__][INFO] - Epoch = 870/3000, Loss_total = 10.0783271790,  Loss_t0 = 0.0000341121, Loss_physics = 10.0442152023
[2024-10-22 15:12:31,155][__main__][INFO] - Epoch = 880/3000, Loss_total = 20.9244194031,  Loss_t0 = 0.0000027128, Loss_physics = 20.9217071533
[2024-10-22 15:12:37,239][__main__][INFO] - Epoch = 890/3000, Loss_total = 22.8385276794,  Loss_t0 = 0.0000135524, Loss_physics = 22.8249759674
[2024-10-22 15:12:42,931][__main__][INFO] - Epoch = 900/3000, Loss_total = 11.0113201141,  Loss_t0 = 0.0000064119, Loss_physics = 11.0049085617
[2024-10-22 15:12:48,842][__main__][INFO] - Epoch = 910/3000, Loss_total = 20.4860057831,  Loss_t0 = 0.0000042979, Loss_physics = 20.4817085266
[2024-10-22 15:12:54,393][__main__][INFO] - Epoch = 920/3000, Loss_total = 18.8942890167,  Loss_t0 = 0.0000029126, Loss_physics = 18.8913764954
[2024-10-22 15:13:00,020][__main__][INFO] - Epoch = 930/3000, Loss_total = 17.4594402313,  Loss_t0 = 0.0000091097, Loss_physics = 17.4503307343
[2024-10-22 15:13:05,481][__main__][INFO] - Epoch = 940/3000, Loss_total = 22.2201423645,  Loss_t0 = 0.0000003350, Loss_physics = 22.2198066711
[2024-10-22 15:13:10,911][__main__][INFO] - Epoch = 950/3000, Loss_total = 18.3255577087,  Loss_t0 = 0.0000376585, Loss_physics = 18.2878990173
[2024-10-22 15:13:16,753][__main__][INFO] - Epoch = 960/3000, Loss_total = 13.4348163605,  Loss_t0 = 0.0000000817, Loss_physics = 13.4347343445
[2024-10-22 15:13:22,481][__main__][INFO] - Epoch = 970/3000, Loss_total = 27.0148620605,  Loss_t0 = 0.0000010693, Loss_physics = 27.0137920380
[2024-10-22 15:13:28,203][__main__][INFO] - Epoch = 980/3000, Loss_total = 7.9387202263,  Loss_t0 = 0.0000016540, Loss_physics = 7.9370660782
[2024-10-22 15:13:33,760][__main__][INFO] - Epoch = 990/3000, Loss_total = 12.7360725403,  Loss_t0 = 0.0000022331, Loss_physics = 12.7338390350
[2024-10-22 15:13:39,233][__main__][INFO] - Epoch = 1000/3000, Loss_total = 25.1044197083,  Loss_t0 = 0.0000079031, Loss_physics = 25.0965156555
[2024-10-22 15:13:44,534][__main__][INFO] - Epoch = 1010/3000, Loss_total = 9.0391530991,  Loss_t0 = 0.0000075194, Loss_physics = 9.0316333771
[2024-10-22 15:13:49,792][__main__][INFO] - Epoch = 1020/3000, Loss_total = 19.3839492798,  Loss_t0 = 0.0000017622, Loss_physics = 19.3821868896
[2024-10-22 15:13:55,310][__main__][INFO] - Epoch = 1030/3000, Loss_total = 15.5878934860,  Loss_t0 = 0.0000033977, Loss_physics = 15.5844955444
[2024-10-22 15:14:00,751][__main__][INFO] - Epoch = 1040/3000, Loss_total = 8.9397897720,  Loss_t0 = 0.0000002087, Loss_physics = 8.9395809174
[2024-10-22 15:14:06,169][__main__][INFO] - Epoch = 1050/3000, Loss_total = 8.6393928528,  Loss_t0 = 0.0000075965, Loss_physics = 8.6317968369
[2024-10-22 15:14:11,495][__main__][INFO] - Epoch = 1060/3000, Loss_total = 6.6491990089,  Loss_t0 = 0.0000068196, Loss_physics = 6.6423792839
[2024-10-22 15:14:17,484][__main__][INFO] - Epoch = 1070/3000, Loss_total = 4.7270336151,  Loss_t0 = 0.0000050932, Loss_physics = 4.7219405174
[2024-10-22 15:14:22,694][__main__][INFO] - Epoch = 1080/3000, Loss_total = 4.3029069901,  Loss_t0 = 0.0000096195, Loss_physics = 4.2932872772
[2024-10-22 15:14:27,984][__main__][INFO] - Epoch = 1090/3000, Loss_total = 7.5009107590,  Loss_t0 = 0.0000008098, Loss_physics = 7.5001010895
[2024-10-22 15:14:33,231][__main__][INFO] - Epoch = 1100/3000, Loss_total = 6.0876703262,  Loss_t0 = 0.0000011046, Loss_physics = 6.0865659714
[2024-10-22 15:14:38,454][__main__][INFO] - Epoch = 1110/3000, Loss_total = 5.4940557480,  Loss_t0 = 0.0000003885, Loss_physics = 5.4936671257
[2024-10-22 15:14:43,551][__main__][INFO] - Epoch = 1120/3000, Loss_total = 7.4909787178,  Loss_t0 = 0.0000166235, Loss_physics = 7.4743552208
[2024-10-22 15:14:48,703][__main__][INFO] - Epoch = 1130/3000, Loss_total = 14.8893060684,  Loss_t0 = 0.0000368831, Loss_physics = 14.8524227142
[2024-10-22 15:14:53,911][__main__][INFO] - Epoch = 1140/3000, Loss_total = 15.2775049210,  Loss_t0 = 0.0000349052, Loss_physics = 15.2425994873
[2024-10-22 15:14:59,363][__main__][INFO] - Epoch = 1150/3000, Loss_total = 8.2387485504,  Loss_t0 = 0.0000056051, Loss_physics = 8.2331438065
[2024-10-22 15:15:04,582][__main__][INFO] - Epoch = 1160/3000, Loss_total = 7.4905943871,  Loss_t0 = 0.0000086024, Loss_physics = 7.4819917679
[2024-10-22 15:15:09,879][__main__][INFO] - Epoch = 1170/3000, Loss_total = 7.5798525810,  Loss_t0 = 0.0000039365, Loss_physics = 7.5759162903
[2024-10-22 15:15:15,420][__main__][INFO] - Epoch = 1180/3000, Loss_total = 8.4637565613,  Loss_t0 = 0.0000138774, Loss_physics = 8.4498786926
[2024-10-22 15:15:20,991][__main__][INFO] - Epoch = 1190/3000, Loss_total = 2.0382046700,  Loss_t0 = 0.0000338060, Loss_physics = 2.0043988228
[2024-10-22 15:15:26,664][__main__][INFO] - Epoch = 1200/3000, Loss_total = 0.6688135862,  Loss_t0 = 0.0000038282, Loss_physics = 0.6649853587
[2024-10-22 15:15:31,843][__main__][INFO] - Epoch = 1210/3000, Loss_total = 0.0891789123,  Loss_t0 = 0.0000017965, Loss_physics = 0.0873824060
[2024-10-22 15:15:37,178][__main__][INFO] - Epoch = 1220/3000, Loss_total = 0.0697950795,  Loss_t0 = 0.0000002482, Loss_physics = 0.0695468336
[2024-10-22 15:15:42,817][__main__][INFO] - Epoch = 1230/3000, Loss_total = 0.0619163364,  Loss_t0 = 0.0000006650, Loss_physics = 0.0612513460
[2024-10-22 15:15:48,920][__main__][INFO] - Epoch = 1240/3000, Loss_total = 0.1915595680,  Loss_t0 = 0.0000006942, Loss_physics = 0.1908653677
[2024-10-22 15:15:54,637][__main__][INFO] - Epoch = 1250/3000, Loss_total = 0.5848120451,  Loss_t0 = 0.0000072311, Loss_physics = 0.5775809288
[2024-10-22 15:16:00,221][__main__][INFO] - Epoch = 1260/3000, Loss_total = 0.0856263712,  Loss_t0 = 0.0000056410, Loss_physics = 0.0799853429
[2024-10-22 15:16:05,386][__main__][INFO] - Epoch = 1270/3000, Loss_total = 0.0505933464,  Loss_t0 = 0.0000045664, Loss_physics = 0.0460269302
[2024-10-22 15:16:10,844][__main__][INFO] - Epoch = 1280/3000, Loss_total = 0.2228562385,  Loss_t0 = 0.0000688771, Loss_physics = 0.1539791524
[2024-10-22 15:16:17,022][__main__][INFO] - Epoch = 1290/3000, Loss_total = 0.0398851335,  Loss_t0 = 0.0000100412, Loss_physics = 0.0298438910
[2024-10-22 15:16:22,375][__main__][INFO] - Epoch = 1300/3000, Loss_total = 0.1190010533,  Loss_t0 = 0.0000001146, Loss_physics = 0.1188864559
[2024-10-22 15:16:28,010][__main__][INFO] - Epoch = 1310/3000, Loss_total = 0.1427787393,  Loss_t0 = 0.0000106112, Loss_physics = 0.1321675330
[2024-10-22 15:16:33,034][__main__][INFO] - Epoch = 1320/3000, Loss_total = 0.3443660736,  Loss_t0 = 0.0002214706, Loss_physics = 0.1228955239
[2024-10-22 15:16:38,782][__main__][INFO] - Epoch = 1330/3000, Loss_total = 0.0810953006,  Loss_t0 = 0.0000005213, Loss_physics = 0.0805740356
[2024-10-22 15:16:44,332][__main__][INFO] - Epoch = 1340/3000, Loss_total = 0.0466508940,  Loss_t0 = 0.0000002861, Loss_physics = 0.0463647470
[2024-10-22 15:16:49,979][__main__][INFO] - Epoch = 1350/3000, Loss_total = 0.2672254145,  Loss_t0 = 0.0000005004, Loss_physics = 0.2667250633
[2024-10-22 15:16:55,598][__main__][INFO] - Epoch = 1360/3000, Loss_total = 8.0177412033,  Loss_t0 = 0.0000029080, Loss_physics = 8.0148334503
[2024-10-22 15:17:01,096][__main__][INFO] - Epoch = 1370/3000, Loss_total = 14.5232839584,  Loss_t0 = 0.0000005631, Loss_physics = 14.5227212906
[2024-10-22 15:17:06,650][__main__][INFO] - Epoch = 1380/3000, Loss_total = 17.8348693848,  Loss_t0 = 0.0000422448, Loss_physics = 17.7926254272
[2024-10-22 15:17:12,212][__main__][INFO] - Epoch = 1390/3000, Loss_total = 17.0431919098,  Loss_t0 = 0.0000762725, Loss_physics = 16.9669189453
[2024-10-22 15:17:18,852][__main__][INFO] - Epoch = 1400/3000, Loss_total = 10.4483728409,  Loss_t0 = 0.0000093430, Loss_physics = 10.4390296936
[2024-10-22 15:17:25,028][__main__][INFO] - Epoch = 1410/3000, Loss_total = 8.9214181900,  Loss_t0 = 0.0000025821, Loss_physics = 8.9188356400
[2024-10-22 15:17:30,738][__main__][INFO] - Epoch = 1420/3000, Loss_total = 6.3900957108,  Loss_t0 = 0.0000071238, Loss_physics = 6.3829717636
[2024-10-22 15:17:36,360][__main__][INFO] - Epoch = 1430/3000, Loss_total = 2.6178350449,  Loss_t0 = 0.0001053074, Loss_physics = 2.5125277042
[2024-10-22 15:17:41,893][__main__][INFO] - Epoch = 1440/3000, Loss_total = 3.2990827560,  Loss_t0 = 0.0000485182, Loss_physics = 3.2505645752
[2024-10-22 15:17:47,389][__main__][INFO] - Epoch = 1450/3000, Loss_total = 2.9463663101,  Loss_t0 = 0.0000010322, Loss_physics = 2.9453341961
[2024-10-22 15:17:52,822][__main__][INFO] - Epoch = 1460/3000, Loss_total = 1.6167242527,  Loss_t0 = 0.0000121960, Loss_physics = 1.6045283079
[2024-10-22 15:17:58,426][__main__][INFO] - Epoch = 1470/3000, Loss_total = 2.2691242695,  Loss_t0 = 0.0000068233, Loss_physics = 2.2623009682
[2024-10-22 15:18:04,165][__main__][INFO] - Epoch = 1480/3000, Loss_total = 1.0425444841,  Loss_t0 = 0.0000077933, Loss_physics = 1.0347511768
[2024-10-22 15:18:10,826][__main__][INFO] - Epoch = 1490/3000, Loss_total = 0.3725246787,  Loss_t0 = 0.0000018883, Loss_physics = 0.3706363440
[2024-10-22 15:18:16,964][__main__][INFO] - Epoch = 1500/3000, Loss_total = 0.2777877450,  Loss_t0 = 0.0000002217, Loss_physics = 0.2775660753
[2024-10-22 15:18:22,763][__main__][INFO] - Epoch = 1510/3000, Loss_total = 1.3940225840,  Loss_t0 = 0.0000021473, Loss_physics = 1.3918752670
[2024-10-22 15:18:27,966][__main__][INFO] - Epoch = 1520/3000, Loss_total = 0.4028071463,  Loss_t0 = 0.0000432125, Loss_physics = 0.3595946133
[2024-10-22 15:18:33,101][__main__][INFO] - Epoch = 1530/3000, Loss_total = 0.3223994076,  Loss_t0 = 0.0001025650, Loss_physics = 0.2198344320
[2024-10-22 15:18:38,496][__main__][INFO] - Epoch = 1540/3000, Loss_total = 0.2509028614,  Loss_t0 = 0.0000066890, Loss_physics = 0.2442138344
[2024-10-22 15:18:43,618][__main__][INFO] - Epoch = 1550/3000, Loss_total = 0.1316680014,  Loss_t0 = 0.0000006508, Loss_physics = 0.1310171932
[2024-10-22 15:18:48,981][__main__][INFO] - Epoch = 1560/3000, Loss_total = 0.3492931128,  Loss_t0 = 0.0000165101, Loss_physics = 0.3327830434
[2024-10-22 15:18:54,555][__main__][INFO] - Epoch = 1570/3000, Loss_total = 0.3346297741,  Loss_t0 = 0.0000601386, Loss_physics = 0.2744911909
[2024-10-22 15:19:00,155][__main__][INFO] - Epoch = 1580/3000, Loss_total = 2.0458154678,  Loss_t0 = 0.0000146212, Loss_physics = 2.0311942101
[2024-10-22 15:19:05,887][__main__][INFO] - Epoch = 1590/3000, Loss_total = 0.2865561843,  Loss_t0 = 0.0000227960, Loss_physics = 0.2637602091
[2024-10-22 15:19:12,008][__main__][INFO] - Epoch = 1600/3000, Loss_total = 0.1649172306,  Loss_t0 = 0.0000444227, Loss_physics = 0.1204944998
[2024-10-22 15:19:18,737][__main__][INFO] - Epoch = 1610/3000, Loss_total = 0.8642540574,  Loss_t0 = 0.0000070918, Loss_physics = 0.8571622968
[2024-10-22 15:19:25,309][__main__][INFO] - Epoch = 1620/3000, Loss_total = 0.2318449616,  Loss_t0 = 0.0000609985, Loss_physics = 0.1708464622
[2024-10-22 15:19:31,262][__main__][INFO] - Epoch = 1630/3000, Loss_total = 0.3960398436,  Loss_t0 = 0.0000011597, Loss_physics = 0.3948801756
[2024-10-22 15:19:36,949][__main__][INFO] - Epoch = 1640/3000, Loss_total = 2.6005082130,  Loss_t0 = 0.0000139455, Loss_physics = 2.5865626335
[2024-10-22 15:19:43,178][__main__][INFO] - Epoch = 1650/3000, Loss_total = 3.8579757214,  Loss_t0 = 0.0003755197, Loss_physics = 3.4824559689
[2024-10-22 15:19:48,819][__main__][INFO] - Epoch = 1660/3000, Loss_total = 3.3707818985,  Loss_t0 = 0.0000076723, Loss_physics = 3.3631095886
[2024-10-22 15:19:54,960][__main__][INFO] - Epoch = 1670/3000, Loss_total = 4.8842511177,  Loss_t0 = 0.0000446830, Loss_physics = 4.8395681381
[2024-10-22 15:20:01,303][__main__][INFO] - Epoch = 1680/3000, Loss_total = 1.7599794865,  Loss_t0 = 0.0000170293, Loss_physics = 1.7429502010
[2024-10-22 15:20:08,158][__main__][INFO] - Epoch = 1690/3000, Loss_total = 3.4532351494,  Loss_t0 = 0.0000044398, Loss_physics = 3.4487953186
[2024-10-22 15:20:14,232][__main__][INFO] - Epoch = 1700/3000, Loss_total = 3.6991422176,  Loss_t0 = 0.0000069921, Loss_physics = 3.6921501160
[2024-10-22 15:20:20,382][__main__][INFO] - Epoch = 1710/3000, Loss_total = 2.1381628513,  Loss_t0 = 0.0000027786, Loss_physics = 2.1353843212
[2024-10-22 15:20:26,028][__main__][INFO] - Epoch = 1720/3000, Loss_total = 9.8566083908,  Loss_t0 = 0.0000094636, Loss_physics = 9.8471450806
[2024-10-22 15:20:31,733][__main__][INFO] - Epoch = 1730/3000, Loss_total = 1.6190099716,  Loss_t0 = 0.0000134242, Loss_physics = 1.6055856943
[2024-10-22 15:20:37,398][__main__][INFO] - Epoch = 1740/3000, Loss_total = 0.2148201317,  Loss_t0 = 0.0000152168, Loss_physics = 0.1996033490
[2024-10-22 15:20:42,879][__main__][INFO] - Epoch = 1750/3000, Loss_total = 0.1796094775,  Loss_t0 = 0.0000226026, Loss_physics = 0.1570068449
[2024-10-22 15:20:48,582][__main__][INFO] - Epoch = 1760/3000, Loss_total = 0.0559058115,  Loss_t0 = 0.0000062828, Loss_physics = 0.0496229753
[2024-10-22 15:20:54,145][__main__][INFO] - Epoch = 1770/3000, Loss_total = 0.0740732923,  Loss_t0 = 0.0000066471, Loss_physics = 0.0674261600
[2024-10-22 15:21:00,011][__main__][INFO] - Epoch = 1780/3000, Loss_total = 0.5441207290,  Loss_t0 = 0.0000225998, Loss_physics = 0.5215209126
[2024-10-22 15:21:05,717][__main__][INFO] - Epoch = 1790/3000, Loss_total = 19.2097225189,  Loss_t0 = 0.0000337190, Loss_physics = 19.1760044098
[2024-10-22 15:21:11,316][__main__][INFO] - Epoch = 1800/3000, Loss_total = 4.4367580414,  Loss_t0 = 0.0000244218, Loss_physics = 4.4123363495
[2024-10-22 15:21:17,580][__main__][INFO] - Epoch = 1810/3000, Loss_total = 7.2055912018,  Loss_t0 = 0.0000119511, Loss_physics = 7.1936402321
[2024-10-22 15:21:23,216][__main__][INFO] - Epoch = 1820/3000, Loss_total = 3.1655323505,  Loss_t0 = 0.0000307830, Loss_physics = 3.1347494125
[2024-10-22 15:21:28,797][__main__][INFO] - Epoch = 1830/3000, Loss_total = 4.6091279984,  Loss_t0 = 0.0000120576, Loss_physics = 4.5970702171
[2024-10-22 15:21:34,559][__main__][INFO] - Epoch = 1840/3000, Loss_total = 3.9351186752,  Loss_t0 = 0.0000020447, Loss_physics = 3.9330739975
[2024-10-22 15:21:40,349][__main__][INFO] - Epoch = 1850/3000, Loss_total = 1.1939680576,  Loss_t0 = 0.0000625417, Loss_physics = 1.1314263344
[2024-10-22 15:21:46,358][__main__][INFO] - Epoch = 1860/3000, Loss_total = 3.1356310844,  Loss_t0 = 0.0000142513, Loss_physics = 3.1213798523
[2024-10-22 15:21:51,992][__main__][INFO] - Epoch = 1870/3000, Loss_total = 2.1970469952,  Loss_t0 = 0.0000024109, Loss_physics = 2.1946361065
[2024-10-22 15:21:57,809][__main__][INFO] - Epoch = 1880/3000, Loss_total = 5.9513344765,  Loss_t0 = 0.0000053764, Loss_physics = 5.9459581375
[2024-10-22 15:22:03,662][__main__][INFO] - Epoch = 1890/3000, Loss_total = 3.8815412521,  Loss_t0 = 0.0000027012, Loss_physics = 3.8788399696
[2024-10-22 15:22:09,318][__main__][INFO] - Epoch = 1900/3000, Loss_total = 0.4117281139,  Loss_t0 = 0.0000069035, Loss_physics = 0.4048245847
[2024-10-22 15:22:15,421][__main__][INFO] - Epoch = 1910/3000, Loss_total = 0.3705939651,  Loss_t0 = 0.0000012427, Loss_physics = 0.3693512082
[2024-10-22 15:22:21,561][__main__][INFO] - Epoch = 1920/3000, Loss_total = 0.1241571978,  Loss_t0 = 0.0000020964, Loss_physics = 0.1220607907
[2024-10-22 15:22:27,556][__main__][INFO] - Epoch = 1930/3000, Loss_total = 0.1847590059,  Loss_t0 = 0.0000041794, Loss_physics = 0.1805796176
[2024-10-22 15:22:33,395][__main__][INFO] - Epoch = 1940/3000, Loss_total = 0.1222361326,  Loss_t0 = 0.0000035696, Loss_physics = 0.1186665371
[2024-10-22 15:22:39,156][__main__][INFO] - Epoch = 1950/3000, Loss_total = 0.2078457922,  Loss_t0 = 0.0000079816, Loss_physics = 0.1998641938
[2024-10-22 15:22:44,941][__main__][INFO] - Epoch = 1960/3000, Loss_total = 0.2566618919,  Loss_t0 = 0.0000038244, Loss_physics = 0.2528375089
[2024-10-22 15:22:50,563][__main__][INFO] - Epoch = 1970/3000, Loss_total = 0.2148180008,  Loss_t0 = 0.0000020402, Loss_physics = 0.2127777636
[2024-10-22 15:22:56,376][__main__][INFO] - Epoch = 1980/3000, Loss_total = 0.2743372023,  Loss_t0 = 0.0000125189, Loss_physics = 0.2618182898
[2024-10-22 15:23:02,131][__main__][INFO] - Epoch = 1990/3000, Loss_total = 0.1170473695,  Loss_t0 = 0.0000000536, Loss_physics = 0.1169937849
[2024-10-22 15:23:07,921][__main__][INFO] - Epoch = 2000/3000, Loss_total = 0.2719461620,  Loss_t0 = 0.0000119215, Loss_physics = 0.2600246668
[2024-10-22 15:23:13,911][__main__][INFO] - Epoch = 2010/3000, Loss_total = 0.0768055320,  Loss_t0 = 0.0000143227, Loss_physics = 0.0624828488
[2024-10-22 15:23:20,518][__main__][INFO] - Epoch = 2020/3000, Loss_total = 0.3490785062,  Loss_t0 = 0.0000105133, Loss_physics = 0.3385652602
[2024-10-22 15:23:25,870][__main__][INFO] - Epoch = 2030/3000, Loss_total = 1.9628849030,  Loss_t0 = 0.0000007672, Loss_physics = 1.9621176720
[2024-10-22 15:23:30,888][__main__][INFO] - Epoch = 2040/3000, Loss_total = 0.1656319052,  Loss_t0 = 0.0000032939, Loss_physics = 0.1623379886
[2024-10-22 15:23:36,250][__main__][INFO] - Epoch = 2050/3000, Loss_total = 0.1448624879,  Loss_t0 = 0.0000005879, Loss_physics = 0.1442745328
[2024-10-22 15:23:41,420][__main__][INFO] - Epoch = 2060/3000, Loss_total = 0.0774358958,  Loss_t0 = 0.0000017497, Loss_physics = 0.0756861717
[2024-10-22 15:23:46,494][__main__][INFO] - Epoch = 2070/3000, Loss_total = 0.3307360113,  Loss_t0 = 0.0000010988, Loss_physics = 0.3296372592
[2024-10-22 15:23:51,539][__main__][INFO] - Epoch = 2080/3000, Loss_total = 0.0556590669,  Loss_t0 = 0.0000052499, Loss_physics = 0.0504091457
[2024-10-22 15:23:56,619][__main__][INFO] - Epoch = 2090/3000, Loss_total = 0.0684036836,  Loss_t0 = 0.0000010798, Loss_physics = 0.0673239008
[2024-10-22 15:24:01,679][__main__][INFO] - Epoch = 2100/3000, Loss_total = 0.0533179902,  Loss_t0 = 0.0000008607, Loss_physics = 0.0524573028
[2024-10-22 15:24:06,735][__main__][INFO] - Epoch = 2110/3000, Loss_total = 0.0484344549,  Loss_t0 = 0.0000044104, Loss_physics = 0.0440240391
[2024-10-22 15:24:11,772][__main__][INFO] - Epoch = 2120/3000, Loss_total = 0.2201651335,  Loss_t0 = 0.0000143559, Loss_physics = 0.2058092505
[2024-10-22 15:24:17,347][__main__][INFO] - Epoch = 2130/3000, Loss_total = 0.0320452414,  Loss_t0 = 0.0000014414, Loss_physics = 0.0306038428
[2024-10-22 15:24:22,269][__main__][INFO] - Epoch = 2140/3000, Loss_total = 0.0400785170,  Loss_t0 = 0.0000065902, Loss_physics = 0.0334882811
[2024-10-22 15:24:27,501][__main__][INFO] - Epoch = 2150/3000, Loss_total = 0.0838823095,  Loss_t0 = 0.0000149947, Loss_physics = 0.0688876510
[2024-10-22 15:24:32,769][__main__][INFO] - Epoch = 2160/3000, Loss_total = 0.0901479870,  Loss_t0 = 0.0000034446, Loss_physics = 0.0867033750
[2024-10-22 15:24:38,107][__main__][INFO] - Epoch = 2170/3000, Loss_total = 0.1892324537,  Loss_t0 = 0.0000098357, Loss_physics = 0.1793967038
[2024-10-22 15:24:43,506][__main__][INFO] - Epoch = 2180/3000, Loss_total = 0.0697182119,  Loss_t0 = 0.0000009034, Loss_physics = 0.0688148141
[2024-10-22 15:24:48,849][__main__][INFO] - Epoch = 2190/3000, Loss_total = 0.0279421955,  Loss_t0 = 0.0000009087, Loss_physics = 0.0270334911
[2024-10-22 15:24:53,917][__main__][INFO] - Epoch = 2200/3000, Loss_total = 0.2366523296,  Loss_t0 = 0.0000012439, Loss_physics = 0.2354083955
[2024-10-22 15:24:58,990][__main__][INFO] - Epoch = 2210/3000, Loss_total = 0.0586080328,  Loss_t0 = 0.0000041439, Loss_physics = 0.0544641614
[2024-10-22 15:25:04,071][__main__][INFO] - Epoch = 2220/3000, Loss_total = 0.0229483694,  Loss_t0 = 0.0000049129, Loss_physics = 0.0180354323
[2024-10-22 15:25:09,068][__main__][INFO] - Epoch = 2230/3000, Loss_total = 0.0926988423,  Loss_t0 = 0.0000028441, Loss_physics = 0.0898547694
[2024-10-22 15:25:14,252][__main__][INFO] - Epoch = 2240/3000, Loss_total = 0.0219682381,  Loss_t0 = 0.0000093530, Loss_physics = 0.0126152337
[2024-10-22 15:25:19,600][__main__][INFO] - Epoch = 2250/3000, Loss_total = 0.0355391353,  Loss_t0 = 0.0000012808, Loss_physics = 0.0342583694
[2024-10-22 15:25:24,721][__main__][INFO] - Epoch = 2260/3000, Loss_total = 0.1704919338,  Loss_t0 = 0.0000056532, Loss_physics = 0.1648387313
[2024-10-22 15:25:29,720][__main__][INFO] - Epoch = 2270/3000, Loss_total = 0.0608201846,  Loss_t0 = 0.0000053230, Loss_physics = 0.0554971695
[2024-10-22 15:25:34,703][__main__][INFO] - Epoch = 2280/3000, Loss_total = 0.0657337978,  Loss_t0 = 0.0000000899, Loss_physics = 0.0656439364
[2024-10-22 15:25:39,703][__main__][INFO] - Epoch = 2290/3000, Loss_total = 1.1697177887,  Loss_t0 = 0.0000004785, Loss_physics = 1.1692392826
[2024-10-22 15:25:44,787][__main__][INFO] - Epoch = 2300/3000, Loss_total = 0.0832200795,  Loss_t0 = 0.0000018983, Loss_physics = 0.0813218281
[2024-10-22 15:25:50,009][__main__][INFO] - Epoch = 2310/3000, Loss_total = 0.0368035063,  Loss_t0 = 0.0000001343, Loss_physics = 0.0366692543
[2024-10-22 15:25:55,111][__main__][INFO] - Epoch = 2320/3000, Loss_total = 0.1622644812,  Loss_t0 = 0.0000017171, Loss_physics = 0.1605473608
[2024-10-22 15:26:00,097][__main__][INFO] - Epoch = 2330/3000, Loss_total = 0.0426155925,  Loss_t0 = 0.0000076420, Loss_physics = 0.0349736363
[2024-10-22 15:26:05,097][__main__][INFO] - Epoch = 2340/3000, Loss_total = 0.0588076562,  Loss_t0 = 0.0000077956, Loss_physics = 0.0510120355
[2024-10-22 15:26:10,136][__main__][INFO] - Epoch = 2350/3000, Loss_total = 0.0804182142,  Loss_t0 = 0.0000014568, Loss_physics = 0.0789613724
[2024-10-22 15:26:15,529][__main__][INFO] - Epoch = 2360/3000, Loss_total = 0.3685475886,  Loss_t0 = 0.0000063014, Loss_physics = 0.3622462153
[2024-10-22 15:26:20,732][__main__][INFO] - Epoch = 2370/3000, Loss_total = 0.1820029318,  Loss_t0 = 0.0000174382, Loss_physics = 0.1645647734
[2024-10-22 15:26:25,754][__main__][INFO] - Epoch = 2380/3000, Loss_total = 0.0297132973,  Loss_t0 = 0.0000030006, Loss_physics = 0.0267127194
[2024-10-22 15:26:30,818][__main__][INFO] - Epoch = 2390/3000, Loss_total = 0.0264374390,  Loss_t0 = 0.0000019242, Loss_physics = 0.0245132819
[2024-10-22 15:26:35,819][__main__][INFO] - Epoch = 2400/3000, Loss_total = 0.0408384651,  Loss_t0 = 0.0000015128, Loss_physics = 0.0393256508
[2024-10-22 15:26:40,816][__main__][INFO] - Epoch = 2410/3000, Loss_total = 0.2498622239,  Loss_t0 = 0.0000414595, Loss_physics = 0.2084027529
[2024-10-22 15:26:45,841][__main__][INFO] - Epoch = 2420/3000, Loss_total = 0.0284063853,  Loss_t0 = 0.0000067810, Loss_physics = 0.0216254033
[2024-10-22 15:26:51,048][__main__][INFO] - Epoch = 2430/3000, Loss_total = 0.1854194850,  Loss_t0 = 0.0000067422, Loss_physics = 0.1786773205
[2024-10-22 15:26:56,105][__main__][INFO] - Epoch = 2440/3000, Loss_total = 0.0509609543,  Loss_t0 = 0.0000050669, Loss_physics = 0.0458940454
[2024-10-22 15:27:01,086][__main__][INFO] - Epoch = 2450/3000, Loss_total = 0.0937260613,  Loss_t0 = 0.0000010380, Loss_physics = 0.0926880538
[2024-10-22 15:27:06,072][__main__][INFO] - Epoch = 2460/3000, Loss_total = 0.0448891856,  Loss_t0 = 0.0000026551, Loss_physics = 0.0422340780
[2024-10-22 15:27:11,143][__main__][INFO] - Epoch = 2470/3000, Loss_total = 0.0376060419,  Loss_t0 = 0.0000106916, Loss_physics = 0.0269144345
[2024-10-22 15:27:16,639][__main__][INFO] - Epoch = 2480/3000, Loss_total = 0.0612771027,  Loss_t0 = 0.0000057952, Loss_physics = 0.0554818586
[2024-10-22 15:27:21,779][__main__][INFO] - Epoch = 2490/3000, Loss_total = 0.0647949502,  Loss_t0 = 0.0000037261, Loss_physics = 0.0610688478
[2024-10-22 15:27:26,909][__main__][INFO] - Epoch = 2500/3000, Loss_total = 0.0282390397,  Loss_t0 = 0.0000003019, Loss_physics = 0.0279370937
[2024-10-22 15:27:31,934][__main__][INFO] - Epoch = 2510/3000, Loss_total = 0.0104733771,  Loss_t0 = 0.0000019289, Loss_physics = 0.0085444795
[2024-10-22 15:27:36,862][__main__][INFO] - Epoch = 2520/3000, Loss_total = 0.2889096141,  Loss_t0 = 0.0000041193, Loss_physics = 0.2847903371
[2024-10-22 15:27:41,880][__main__][INFO] - Epoch = 2530/3000, Loss_total = 0.0672086477,  Loss_t0 = 0.0000044447, Loss_physics = 0.0627639666
[2024-10-22 15:27:46,982][__main__][INFO] - Epoch = 2540/3000, Loss_total = 0.0427228808,  Loss_t0 = 0.0000002561, Loss_physics = 0.0424667858
[2024-10-22 15:27:51,922][__main__][INFO] - Epoch = 2550/3000, Loss_total = 0.0386950262,  Loss_t0 = 0.0000033321, Loss_physics = 0.0353629738
[2024-10-22 15:27:56,882][__main__][INFO] - Epoch = 2560/3000, Loss_total = 0.2877759039,  Loss_t0 = 0.0000020884, Loss_physics = 0.2856874764
[2024-10-22 15:28:01,967][__main__][INFO] - Epoch = 2570/3000, Loss_total = 0.0195071585,  Loss_t0 = 0.0000005742, Loss_physics = 0.0189329498
[2024-10-22 15:28:07,191][__main__][INFO] - Epoch = 2580/3000, Loss_total = 0.0420907103,  Loss_t0 = 0.0000006938, Loss_physics = 0.0413969122
[2024-10-22 15:28:12,581][__main__][INFO] - Epoch = 2590/3000, Loss_total = 0.0687164515,  Loss_t0 = 0.0000112123, Loss_physics = 0.0575041622
[2024-10-22 15:28:18,242][__main__][INFO] - Epoch = 2600/3000, Loss_total = 0.0126278698,  Loss_t0 = 0.0000033532, Loss_physics = 0.0092746709
[2024-10-22 15:28:23,291][__main__][INFO] - Epoch = 2610/3000, Loss_total = 0.0853656605,  Loss_t0 = 0.0000078464, Loss_physics = 0.0775192603
[2024-10-22 15:28:28,352][__main__][INFO] - Epoch = 2620/3000, Loss_total = 0.1168686002,  Loss_t0 = 0.0000259481, Loss_physics = 0.0909205228
[2024-10-22 15:28:33,306][__main__][INFO] - Epoch = 2630/3000, Loss_total = 0.4637144804,  Loss_t0 = 0.0000178180, Loss_physics = 0.4458964467
[2024-10-22 15:28:38,273][__main__][INFO] - Epoch = 2640/3000, Loss_total = 0.0974077955,  Loss_t0 = 0.0000179669, Loss_physics = 0.0794408768
[2024-10-22 15:28:43,490][__main__][INFO] - Epoch = 2650/3000, Loss_total = 0.2255019844,  Loss_t0 = 0.0000124239, Loss_physics = 0.2130780965
[2024-10-22 15:28:48,506][__main__][INFO] - Epoch = 2660/3000, Loss_total = 0.0272406749,  Loss_t0 = 0.0000019639, Loss_physics = 0.0252767392
[2024-10-22 15:28:53,587][__main__][INFO] - Epoch = 2670/3000, Loss_total = 0.0664634332,  Loss_t0 = 0.0000196947, Loss_physics = 0.0467686877
[2024-10-22 15:28:58,706][__main__][INFO] - Epoch = 2680/3000, Loss_total = 0.0674708933,  Loss_t0 = 0.0000038717, Loss_physics = 0.0635991469
[2024-10-22 15:29:03,758][__main__][INFO] - Epoch = 2690/3000, Loss_total = 0.0370953865,  Loss_t0 = 0.0000010394, Loss_physics = 0.0360560194
[2024-10-22 15:29:08,859][__main__][INFO] - Epoch = 2700/3000, Loss_total = 0.0979171246,  Loss_t0 = 0.0000079594, Loss_physics = 0.0899576917
[2024-10-22 15:29:14,073][__main__][INFO] - Epoch = 2710/3000, Loss_total = 0.0341387764,  Loss_t0 = 0.0000029445, Loss_physics = 0.0311942957
[2024-10-22 15:29:19,546][__main__][INFO] - Epoch = 2720/3000, Loss_total = 0.0995660648,  Loss_t0 = 0.0000043489, Loss_physics = 0.0952172130
[2024-10-22 15:29:24,621][__main__][INFO] - Epoch = 2730/3000, Loss_total = 0.0549001731,  Loss_t0 = 0.0000005385, Loss_physics = 0.0543616861
[2024-10-22 15:29:29,690][__main__][INFO] - Epoch = 2740/3000, Loss_total = 0.2039343715,  Loss_t0 = 0.0000049672, Loss_physics = 0.1989671290
[2024-10-22 15:29:34,784][__main__][INFO] - Epoch = 2750/3000, Loss_total = 0.0764624029,  Loss_t0 = 0.0000016467, Loss_physics = 0.0748156980
[2024-10-22 15:29:39,818][__main__][INFO] - Epoch = 2760/3000, Loss_total = 0.0255929641,  Loss_t0 = 0.0000002761, Loss_physics = 0.0253168382
[2024-10-22 15:29:45,089][__main__][INFO] - Epoch = 2770/3000, Loss_total = 0.0054346519,  Loss_t0 = 0.0000006828, Loss_physics = 0.0047518020
[2024-10-22 15:29:50,196][__main__][INFO] - Epoch = 2780/3000, Loss_total = 0.0598602444,  Loss_t0 = 0.0000025575, Loss_physics = 0.0573027916
[2024-10-22 15:29:55,710][__main__][INFO] - Epoch = 2790/3000, Loss_total = 0.0058329878,  Loss_t0 = 0.0000006861, Loss_physics = 0.0051469323
[2024-10-22 15:30:01,014][__main__][INFO] - Epoch = 2800/3000, Loss_total = 0.0349843353,  Loss_t0 = 0.0000011167, Loss_physics = 0.0338676088
[2024-10-22 15:30:06,098][__main__][INFO] - Epoch = 2810/3000, Loss_total = 0.0168524981,  Loss_t0 = 0.0000003697, Loss_physics = 0.0164828002
[2024-10-22 15:30:11,129][__main__][INFO] - Epoch = 2820/3000, Loss_total = 0.0184092242,  Loss_t0 = 0.0000015086, Loss_physics = 0.0169006232
[2024-10-22 15:30:16,632][__main__][INFO] - Epoch = 2830/3000, Loss_total = 0.0383297801,  Loss_t0 = 0.0000021994, Loss_physics = 0.0361303501
[2024-10-22 15:30:21,742][__main__][INFO] - Epoch = 2840/3000, Loss_total = 0.0286818799,  Loss_t0 = 0.0000015946, Loss_physics = 0.0270872824
[2024-10-22 15:30:26,940][__main__][INFO] - Epoch = 2850/3000, Loss_total = 0.0166005269,  Loss_t0 = 0.0000022622, Loss_physics = 0.0143383704
[2024-10-22 15:30:31,922][__main__][INFO] - Epoch = 2860/3000, Loss_total = 0.0986669362,  Loss_t0 = 0.0000002606, Loss_physics = 0.0984063894
[2024-10-22 15:30:36,955][__main__][INFO] - Epoch = 2870/3000, Loss_total = 0.0353727117,  Loss_t0 = 0.0000074672, Loss_physics = 0.0279054642
[2024-10-22 15:30:41,998][__main__][INFO] - Epoch = 2880/3000, Loss_total = 0.0378319398,  Loss_t0 = 0.0000096784, Loss_physics = 0.0281534959
[2024-10-22 15:30:47,158][__main__][INFO] - Epoch = 2890/3000, Loss_total = 0.5223695636,  Loss_t0 = 0.0000068810, Loss_physics = 0.5154885054
[2024-10-22 15:30:52,167][__main__][INFO] - Epoch = 2900/3000, Loss_total = 0.0956293046,  Loss_t0 = 0.0000008447, Loss_physics = 0.0947846174
[2024-10-22 15:30:57,180][__main__][INFO] - Epoch = 2910/3000, Loss_total = 0.1962113678,  Loss_t0 = 0.0000003602, Loss_physics = 0.1958511770
[2024-10-22 15:31:02,169][__main__][INFO] - Epoch = 2920/3000, Loss_total = 0.0919829607,  Loss_t0 = 0.0000033925, Loss_physics = 0.0885904282
[2024-10-22 15:31:07,245][__main__][INFO] - Epoch = 2930/3000, Loss_total = 0.0553383715,  Loss_t0 = 0.0000007011, Loss_physics = 0.0546372309
[2024-10-22 15:31:12,233][__main__][INFO] - Epoch = 2940/3000, Loss_total = 0.0652965605,  Loss_t0 = 0.0000000682, Loss_physics = 0.0652283207
[2024-10-22 15:31:17,869][__main__][INFO] - Epoch = 2950/3000, Loss_total = 0.0284867436,  Loss_t0 = 0.0000003854, Loss_physics = 0.0281013288
[2024-10-22 15:31:23,005][__main__][INFO] - Epoch = 2960/3000, Loss_total = 0.0192190260,  Loss_t0 = 0.0000016033, Loss_physics = 0.0176157467
[2024-10-22 15:31:28,219][__main__][INFO] - Epoch = 2970/3000, Loss_total = 0.0190308224,  Loss_t0 = 0.0000009390, Loss_physics = 0.0180918202
[2024-10-22 15:31:33,389][__main__][INFO] - Epoch = 2980/3000, Loss_total = 0.0611805730,  Loss_t0 = 0.0000012263, Loss_physics = 0.0599542521
[2024-10-22 15:31:38,318][__main__][INFO] - Epoch = 2990/3000, Loss_total = 0.0655580238,  Loss_t0 = 0.0000054705, Loss_physics = 0.0600875728
